
<!DOCTYPE html>
<html>


<head>
	<meta charset='UTF-8' /> 
	<meta name='description' content='' />
	<meta name='robots' content='noodp, noydir' />
	<meta name='viewport' content='width=device-width, initial-scale=1' />
	<meta id="timeStampFormat" name="timeStampFormat" content='MMM d, yyyy hh:mm:ss a'/>
	
	<link href='https://fonts.googleapis.com/css?family=Source+Sans+Pro:400,600' rel='stylesheet' type='text/css'>
	<link href="https://fonts.googleapis.com/icon?family=Material+Icons" rel="stylesheet">

		<link href='https://cdn.rawgit.com/anshooarora/extentreports-java/b4a58fcfd1e137bd9287244035a7c80d3d73b3af/dist/css/extent.css' type='text/css' rel='stylesheet' />
	
	<title>NopCommerce - Cucumber Framework</title>

	<style type='text/css'>
			
            

      
        
	</style>
</head>

	<body class='extent standard default hide-overflow bdd-report'>
		<div id='theme-selector' alt='Click to toggle theme. To enable by default, use theme configuration.' title='Click to toggle theme. To enable by default, use theme configuration.'>
			<span><i class='material-icons'>desktop_windows</i></span>
		</div>

<nav>
	<div class="nav-wrapper">
		<a href="#!" class="brand-logo blue darken-3">Extent</a>

		<!-- slideout menu -->
		<ul id='slide-out' class='side-nav fixed hide-on-med-and-down'>
			<li class='waves-effect active'><a href='#!' view='test-view' onclick="configureView(0);chartsView('test');"><i class='material-icons'>dashboard</i></a></li>
							<li class='waves-effect'><a href='#!' view='author-view' onclick="configureView(3)"><i class='material-icons'>person</i></a></li>
			<li class='waves-effect'><a href='#!' view='exception-view' onclick="configureView(2)"><i class='material-icons'>bug_report</i></a></li>
			<li class='waves-effect'><a href='#!' onclick="configureView(-1);chartsView('dashboard');" view='dashboard-view'><i class='material-icons'>track_changes</i></i></a></li>
		</ul>

		<!-- report name -->
		<span class='report-name'>NopCommerce - Cucumber Report</span>
		
		<!-- report headline -->
		<span class='report-headline'></span>

		<!-- nav-right -->
		<ul id='nav-mobile' class='right hide-on-med-and-down nav-right'>
			<li>
                <a href='#!'>
                    <span class='label suite-start-time blue darken-3'>Apr 29, 2020 10:36:11 PM</span>
				</a>
			</li>
			<li>
                <a href='#!'>
                    <span class='label blue darken-3'>3.1.2</span>
				</a>
			</li>
		</ul>
	</div>
</nav>

		<!-- container -->
		<div class='container'>

<div id='test-view' class='view'>
				
	<section id='controls'>
		<div class='controls grey lighten-4'>
			<!-- test toggle -->
			<div class='chip transparent'>
				<a class='dropdown-button tests-toggle' data-activates='tests-toggle' data-constrainwidth='true' data-beloworigin='true' data-hover='true' href='#'>
					<i class='material-icons'>warning</i> Status
				</a>
				<ul id='tests-toggle' class='dropdown-content'>
											<li status='pass'><a href='#!'>Pass <i class='material-icons green-text'>check_circle</i></a></li>
						<li status='fail'><a href='#!'>Fail <i class='material-icons red-text'>cancel</i></a></li>
						<li status='skip'><a href='#!'>Skip <i class='material-icons cyan-text'>redo</i></a></li>
					<li class='divider'></li>
					<li status='clear' clear='true'><a href='#!'>Clear Filters <i class='material-icons'>clear</i></a></li>
				</ul>
			</div>
			<!-- test toggle -->

			<!-- category toggle -->
			<!-- category toggle -->

			<!-- clear filters -->
			<div class='chip transparent hide'>
				<a class='' id='clear-filters' alt='Clear Filters' title='Clear Filters'>
					<i class='material-icons'>close</i> Clear
				</a>
			</div>
			<!-- clear filters -->

			<!-- enable dashboard -->
			<div id='toggle-test-view-charts' class='chip transparent'>
				<a class='pink-text' id='enable-dashboard' alt='Enable Dashboard' title='Enable Dashboard'>
					<i class='material-icons'>track_changes</i> Dashboard
				</a>
			</div>
			<!-- enable dashboard -->

			<!-- search -->
			<div class='chip transparent' alt='Search Tests' title='Search Tests'>
				<a href="#" class='search-div'>
					<i class='material-icons'>search</i> Search
				</a>

				<div class='input-field left hide'>
					<input id='search-tests' type='text' class='validate browser-default' placeholder='Search Tests...'>
				</div>
				
			</div>
			<!-- search -->
		</div>
	</section>


<div id='test-view-charts' class='subview-full'>
	<div id='charts-row' class='row nm-v nm-h'>
		<div class='col s12 m4 l4 np-h'>
			<div class='card-panel nm-v'>
				<div class='left panel-name'>Features</div>
				<div class='chart-box'>
					<canvas id='parent-analysis' width='100' height='80'></canvas>
				</div>
				<div class='block text-small'>
					<span class='tooltipped' data-position='top' data-tooltip='50%'><span class='strong'>2</span> feature(s) passed</span>
				</div>
				<div class='block text-small'>
					<span class='strong tooltipped' data-position='top' data-tooltip='50%'>2</span> feature(s) failed, <span class='strong tooltipped' data-position='top' data-tooltip='0%'>0</span> others
				</div>
			</div>
		</div>
		
		<div class='col s12 m4 l4 np-h'>
			<div class='card-panel nm-v'>
				<div class='left panel-name'>Scenarios</div>
				<div class='chart-box'>
					<canvas id='child-analysis' width='100' height='80'></canvas>
				</div>
				<div class='block text-small'>
					<span class='tooltipped' data-position='top' data-tooltip='75%'><span class='strong'>12</span> scenario(s) passed</span>
				</div>
				<div class='block text-small'>
					<span class='strong tooltipped' data-position='top' data-tooltip='25%'>4</span> scenario(s) failed, <span class='strong tooltipped' data-position='top' data-tooltip='0%'>0</span> others
				</div>
			</div>
		</div>
		
		<div class='col s12 m4 l4 np-h'>
			<div class='card-panel nm-v'>
				<div class='left panel-name'>Steps</div>
				<div class='chart-box'>
					<canvas id='grandchild-analysis' width='100' height='80'></canvas>
				</div>
				<div class='block text-small'>
					<span class='tooltipped' data-position='top' data-tooltip='93.913%'><span class='strong'>108</span> step(s) passed</span>
				</div>
				<div class='block text-small'>
					<span class='strong tooltipped' data-position='top' data-tooltip='3.478%'>4</span> step(s) failed, <span class='strong tooltipped' data-position='top' data-tooltip='2.609%'>3</span> others
				</div>
			</div>
		</div>
	</div>
</div>

	<div class='subview-left left'>
		
		<div class='view-summary'>
			<h5>Features</h5>
			<ul id='test-collection' class='test-collection'>
				
				
				<li class='test displayed active has-leaf pass' status='pass' bdd='true' test-id='1'>
					<div class='test-heading'>
						<span class='test-name'>Book Feature</span>
						<span class='test-time'>Apr 29, 2020 10:36:12 PM</span>
						<span class='test-status right pass'>pass</span>
					</div>
					<div class='test-content hide'>
<div class='scenario node' test-id='2' status='pass'>
	<span class='duration right label'>0h 1m 17s+398ms</span>
	<div class='desc'>
		<b>Scenario</b>
		<span class="desc-text">User should navigate to Book page successfully</span>
	</div>
	<ul class='steps'>
		<li test-id='3' class='node given pass' status='pass'>
			
			<b>Given</b>
			
			<span class="bdd-step-name">Given I am on Home page</span>
				<div class='pre'>I am on Home Page</div>
				<div class='pre'>passed</div>
			
		</li>
		<li test-id='4' class='node when pass' status='pass'>
			
			<b>When</b>
			
			<span class="bdd-step-name">When I click on Book Link</span>
				<div class='pre'>clicking on books link [[ChromeDriver: chrome on WINDOWS (c2438e1318138c5c75028aa44bf43044)] -> xpath: //ul[@class='top-menu notmobile']//a[contains(text(),'Books')]]</div>
				<div class='pre'>passed</div>
			
		</li>
		<li test-id='5' class='node then pass' status='pass'>
			
			<b>Then</b>
			
			<span class="bdd-step-name">Then I should navigate to Book page successfully</span>
				<div class='pre'>verify books msg[[ChromeDriver: chrome on WINDOWS (c2438e1318138c5c75028aa44bf43044)] -> xpath: //h1[contains(text(),'Books')]]<br></div>
				<div class='pre'>passed</div>
			
		</li>
	</ul>
</div>
<div class='scenario node' test-id='6' status='pass'>
	<span class='duration right label'>0h 0m 21s+11ms</span>
	<div class='desc'>
		<b>Scenario</b>
		<span class="desc-text">User should see results on Book page sorted by AtoZ</span>
	</div>
	<ul class='steps'>
		<li test-id='7' class='node given pass' status='pass'>
			
			<b>Given</b>
			
			<span class="bdd-step-name">Given I am on Home page</span>
				<div class='pre'>I am on Home Page</div>
				<div class='pre'>passed</div>
			
		</li>
		<li test-id='8' class='node when pass' status='pass'>
			
			<b>When</b>
			
			<span class="bdd-step-name">When I click on Book Link</span>
				<div class='pre'>clicking on books link [[ChromeDriver: chrome on WINDOWS (4b89dbe4a7b5a0c9d1e01e0d6c5dc9fe)] -> xpath: //ul[@class='top-menu notmobile']//a[contains(text(),'Books')]]</div>
				<div class='pre'>passed</div>
			
		</li>
		<li test-id='9' class='node and pass' status='pass'>
			
			<b>And</b>
			
			<span class="bdd-step-name">And I sort books by Name: A to Z</span>
				<div class='pre'>select product order [[ChromeDriver: chrome on WINDOWS (4b89dbe4a7b5a0c9d1e01e0d6c5dc9fe)] -> xpath: //select[@id='products-orderby']]<br></div>
				<div class='pre'>passed</div>
			
		</li>
		<li test-id='10' class='node then pass' status='pass'>
			
			<b>Then</b>
			
			<span class="bdd-step-name">Then I should see the products displayed on the books page sorted by alphabetic order</span>
				<div class='pre'>passed</div>
			
		</li>
	</ul>
</div>
<div class='scenario node' test-id='11' status='pass'>
	<span class='duration right label'>0h 1m 9s+59ms</span>
	<div class='desc'>
		<b>Scenario</b>
		<span class="desc-text">User should see prices on Books page sorted by LowToHigh</span>
	</div>
	<ul class='steps'>
		<li test-id='12' class='node given pass' status='pass'>
			
			<b>Given</b>
			
			<span class="bdd-step-name">Given I am on Home page</span>
				<div class='pre'>I am on Home Page</div>
				<div class='pre'>passed</div>
			
		</li>
		<li test-id='13' class='node when pass' status='pass'>
			
			<b>When</b>
			
			<span class="bdd-step-name">When I click on Book Link</span>
				<div class='pre'>clicking on books link [[ChromeDriver: chrome on WINDOWS (35eb3fd48a92fbc5431eb9571bbd76ad)] -> xpath: //ul[@class='top-menu notmobile']//a[contains(text(),'Books')]]</div>
				<div class='pre'>passed</div>
			
		</li>
		<li test-id='14' class='node and pass' status='pass'>
			
			<b>And</b>
			
			<span class="bdd-step-name">And I sort books by Price: Low to High</span>
				<div class='pre'>select product price order [[ChromeDriver: chrome on WINDOWS (35eb3fd48a92fbc5431eb9571bbd76ad)] -> xpath: //select[@id='products-orderby']]<br></div>
				<div class='pre'>passed</div>
			
		</li>
		<li test-id='15' class='node then pass' status='pass'>
			
			<b>Then</b>
			
			<span class="bdd-step-name">Then I should see the products displayed on the books page sorted by prices in ascending order</span>
				<div class='pre'>passed</div>
			
		</li>
	</ul>
</div>
					</div>
				</li>
				
				
				<li class='test displayed active has-leaf fail' status='fail' bdd='true' test-id='16'>
					<div class='test-heading'>
						<span class='test-name'>Computer feature</span>
						<span class='test-time'>Apr 29, 2020 10:39:03 PM</span>
						<span class='test-status right fail'>fail</span>
					</div>
					<div class='test-content hide'>
<div class='scenario node' test-id='17' status='pass'>
	<span class='duration right label'>0h 0m 16s+389ms</span>
	<div class='desc'>
		<b>Scenario</b>
		<span class="desc-text">As a user I want to navigate to computer page successfully</span>
	</div>
	<ul class='steps'>
		<li test-id='18' class='node given pass' status='pass'>
			
			<b>Given</b>
			
			<span class="bdd-step-name">Given I am on Home page</span>
				<div class='pre'>I am on Home Page</div>
				<div class='pre'>passed</div>
			
		</li>
		<li test-id='19' class='node when pass' status='pass'>
			
			<b>When</b>
			
			<span class="bdd-step-name">When I click on Computer link</span>
				<div class='pre'>clicking on computer link[[ChromeDriver: chrome on WINDOWS (573e22cdfa84a909bd289b07c4982444)] -> xpath: //ul[@class='top-menu notmobile']//a[contains(text(),'Computers')]]<br></div>
				<div class='pre'>passed</div>
			
		</li>
		<li test-id='20' class='node then pass' status='pass'>
			
			<b>Then</b>
			
			<span class="bdd-step-name">Then I navigate to computer page successfully</span>
				<div class='pre'>verify textComputersis displayed on computer page[[ChromeDriver: chrome on WINDOWS (573e22cdfa84a909bd289b07c4982444)] -> xpath: //h1[contains(text(),'Computers')]]<br></div>
				<div class='pre'>passed</div>
			
		</li>
	</ul>
</div>
<div class='scenario node' test-id='21' status='fail'>
	<span class='duration right label'>0h 0m 35s+108ms</span>
	<div class='desc'>
		<b>Scenario</b>
		<span class="desc-text">As a user I want to select Build my own Computer product successfully</span>
	</div>
	<ul class='steps'>
		<li test-id='22' class='node given pass' status='pass'>
			
			<b>Given</b>
			
			<span class="bdd-step-name">Given I am on Home page</span>
				<div class='pre'>I am on Home Page</div>
				<div class='pre'>passed</div>
			
		</li>
		<li test-id='23' class='node when pass' status='pass'>
			
			<b>When</b>
			
			<span class="bdd-step-name">When I click on Computer link</span>
				<div class='pre'>clicking on computer link[[ChromeDriver: chrome on WINDOWS (f3bcfda67c96c0997d0b8de9851f64dd)] -> xpath: //ul[@class='top-menu notmobile']//a[contains(text(),'Computers')]]<br></div>
				<div class='pre'>passed</div>
			
		</li>
		<li test-id='24' class='node then pass' status='pass'>
			
			<b>Then</b>
			
			<span class="bdd-step-name">Then I navigate to computer page successfully</span>
				<div class='pre'>verify textComputersis displayed on computer page[[ChromeDriver: chrome on WINDOWS (f3bcfda67c96c0997d0b8de9851f64dd)] -> xpath: //h1[contains(text(),'Computers')]]<br></div>
				<div class='pre'>passed</div>
			
		</li>
		<li test-id='25' class='node and pass' status='pass'>
			
			<b>And</b>
			
			<span class="bdd-step-name">And I click on desktop link</span>
				<div class='pre'>click on desktop btn[[ChromeDriver: chrome on WINDOWS (f3bcfda67c96c0997d0b8de9851f64dd)] -> xpath: //li[@class='inactive']//a[@href='/desktops']]</div>
				<div class='pre'>passed</div>
			
		</li>
		<li test-id='26' class='node and fail' status='fail'>
			
			<b>And</b>
			
			<span class="bdd-step-name">And I select build your own computer</span>
				<div class='pre'>click on build your own compProxy element for: DefaultElementLocator 'By.xpath: //a[contains(text(),'Build your own computer')]'</div>
				<div class='pre'><pre>org.openqa.selenium.NoSuchElementException: no such element: Unable to locate element: {"method":"xpath","selector":"//a[contains(text(),'Build your own computer')]"}
  (Session info: chrome=81.0.4044.122)
For documentation on this error, please visit: https://www.seleniumhq.org/exceptions/no_such_element.html
Build info: version: '3.141.59', revision: 'e82be7d358', time: '2018-11-14T08:17:03'
System info: host: 'DESKTOP-59P8T20', ip: '192.168.43.144', os.name: 'Windows 10', os.arch: 'amd64', os.version: '10.0', java.version: '1.8.0_121'
Driver info: org.openqa.selenium.chrome.ChromeDriver
Capabilities {acceptInsecureCerts: false, browserName: chrome, browserVersion: 81.0.4044.122, chrome: {chromedriverVersion: 80.0.3987.106 (f68069574609..., userDataDir: C:\Users\HP\AppData\Local\T...}, goog:chromeOptions: {debuggerAddress: localhost:53973}, javascriptEnabled: true, networkConnectionEnabled: false, pageLoadStrategy: normal, platform: WINDOWS, platformName: WINDOWS, proxy: Proxy(), setWindowRect: true, strictFileInteractability: false, timeouts: {implicit: 0, pageLoad: 300000, script: 30000}, unhandledPromptBehavior: dismiss and notify}
Session ID: f3bcfda67c96c0997d0b8de9851f64dd
*** Element info: {Using=xpath, value=//a[contains(text(),'Build your own computer')]}
	at sun.reflect.NativeConstructorAccessorImpl.newInstance0(Native Method)
	at sun.reflect.NativeConstructorAccessorImpl.newInstance(NativeConstructorAccessorImpl.java:62)
	at sun.reflect.DelegatingConstructorAccessorImpl.newInstance(DelegatingConstructorAccessorImpl.java:45)
	at java.lang.reflect.Constructor.newInstance(Constructor.java:423)
	at org.openqa.selenium.remote.http.W3CHttpResponseCodec.createException(W3CHttpResponseCodec.java:187)
	at org.openqa.selenium.remote.http.W3CHttpResponseCodec.decode(W3CHttpResponseCodec.java:122)
	at org.openqa.selenium.remote.http.W3CHttpResponseCodec.decode(W3CHttpResponseCodec.java:49)
	at org.openqa.selenium.remote.HttpCommandExecutor.execute(HttpCommandExecutor.java:158)
	at org.openqa.selenium.remote.service.DriverCommandExecutor.execute(DriverCommandExecutor.java:83)
	at org.openqa.selenium.remote.RemoteWebDriver.execute(RemoteWebDriver.java:552)
	at org.openqa.selenium.remote.RemoteWebDriver.findElement(RemoteWebDriver.java:323)
	at org.openqa.selenium.remote.RemoteWebDriver.findElementByXPath(RemoteWebDriver.java:428)
	at org.openqa.selenium.By$ByXPath.findElement(By.java:353)
	at org.openqa.selenium.remote.RemoteWebDriver.findElement(RemoteWebDriver.java:315)
	at org.openqa.selenium.support.pagefactory.DefaultElementLocator.findElement(DefaultElementLocator.java:69)
	at org.openqa.selenium.support.pagefactory.internal.LocatingElementHandler.invoke(LocatingElementHandler.java:38)
	at com.sun.proxy.$Proxy19.click(Unknown Source)
	at com.demo.nopcom.utility.UtilityRM.clickOnElement(UtilityRM.java:38)
	at com.demo.nopcom.pages.DesktopPage.clickOnBuildOnYourComputer(DesktopPage.java:23)
	at com.demo.nopcom.cucumber.stepdefs.ComputerSteps.iSelectBuildYourOwnComputer(ComputerSteps.java:36)
	at ✽.And I select build your own computer(src/test/java/com/demo/nopcom/resources/featurefiles/computer.feature:15)
</pre></div>
			
		</li>
		<li test-id='27' class='node and skip' status='skip'>
			
			<b>And</b>
			
			<span class="bdd-step-name">And I select HDD</span>
				<div class='pre'>skipped</div>
			
		</li>
		<li test-id='28' class='node and skip' status='skip'>
			
			<b>And</b>
			
			<span class="bdd-step-name">And I click on add to cart</span>
				<div class='pre'>skipped</div>
			
		</li>
		<li test-id='29' class='node then skip' status='skip'>
			
			<b>Then</b>
			
			<span class="bdd-step-name">Then The product is added successfully</span>
			<ul class='screenshots right'>
				<li><a data-featherlight="image" href="C:\Users\HP\IdeaProjects\nopcom-cucumber-project-vt/src/main/java/com/demo/nopcom/screenshots/As_a_user_I_want_to_select_Build_my_own_Computer_product_successfully20200429103956.png"><i class='material-icons'>panorama</i></a></li>
			</ul>
				<div class='pre'>skipped</div>
			
		</li>
	</ul>
</div>
					</div>
				</li>
				
				
				<li class='test displayed active has-leaf fail' status='fail' bdd='true' test-id='30'>
					<div class='test-heading'>
						<span class='test-name'>Login Feature</span>
						<span class='test-time'>Apr 29, 2020 10:39:57 PM</span>
						<span class='test-status right fail'>fail</span>
					</div>
					<div class='test-content hide'>
<div class='scenario node' test-id='31' status='pass'>
	<span class='duration right label'>0h 0m 22s+991ms</span>
	<div class='desc'>
		<b>Scenario</b>
		<span class="desc-text">User should navigate to Login page successfully</span>
	</div>
	<ul class='steps'>
		<li test-id='32' class='node given pass' status='pass'>
			
			<b>Given</b>
			
			<span class="bdd-step-name">Given I am on Home page</span>
				<div class='pre'>I am on Home Page</div>
				<div class='pre'>passed</div>
			
		</li>
		<li test-id='33' class='node when pass' status='pass'>
			
			<b>When</b>
			
			<span class="bdd-step-name">When I click on Login Link</span>
				<div class='pre'>clicking on login link[[ChromeDriver: chrome on WINDOWS (41159533385bad02e13c5506f4999d02)] -> xpath: //a[@class='ico-login']]<br></div>
				<div class='pre'>passed</div>
			
		</li>
		<li test-id='34' class='node then pass' status='pass'>
			
			<b>Then</b>
			
			<span class="bdd-step-name">Then I should navigate to Login page successfully</span>
				<div class='pre'>verify Welcome TextWelcome, Please Sign In!displayed msg [[ChromeDriver: chrome on WINDOWS (41159533385bad02e13c5506f4999d02)] -> xpath: //h1[contains(text(),'Welcome, Please Sign In!')]]<br></div>
				<div class='pre'>passed</div>
			
		</li>
	</ul>
</div>
<div class='scenario node' test-id='35' status='pass'>
	<span class='duration right label'>0h 0m 26s+695ms</span>
	<div class='desc'>
		<b>Scenario</b>
		<span class="desc-text">User should Login successfully with valid credentials</span>
	</div>
	<ul class='steps'>
		<li test-id='36' class='node given pass' status='pass'>
			
			<b>Given</b>
			
			<span class="bdd-step-name">Given I am on Home page</span>
				<div class='pre'>I am on Home Page</div>
				<div class='pre'>passed</div>
			
		</li>
		<li test-id='37' class='node when pass' status='pass'>
			
			<b>When</b>
			
			<span class="bdd-step-name">When I click on Login Link</span>
				<div class='pre'>clicking on login link[[ChromeDriver: chrome on WINDOWS (6e330ef7fe02cabcd2d2f520e3574ec2)] -> xpath: //a[@class='ico-login']]<br></div>
				<div class='pre'>passed</div>
			
		</li>
		<li test-id='38' class='node and pass' status='pass'>
			
			<b>And</b>
			
			<span class="bdd-step-name">And I enter email "ram444@yahoo.com"</span>
				<div class='pre'>Enter email:ram444@yahoo.com to email filed [[ChromeDriver: chrome on WINDOWS (6e330ef7fe02cabcd2d2f520e3574ec2)] -> css selector: input#Email]<br></div>
				<div class='pre'>passed</div>
			
		</li>
		<li test-id='39' class='node and pass' status='pass'>
			
			<b>And</b>
			
			<span class="bdd-step-name">And I enter password "london4"</span>
				<div class='pre'>Enter Passwrodlondon4 to password field [[ChromeDriver: chrome on WINDOWS (6e330ef7fe02cabcd2d2f520e3574ec2)] -> css selector: input.password]<br></div>
				<div class='pre'>passed</div>
			
		</li>
		<li test-id='40' class='node and pass' status='pass'>
			
			<b>And</b>
			
			<span class="bdd-step-name">And I click on Login button</span>
				<div class='pre'>click on Login Submit Btn[[ChromeDriver: chrome on WINDOWS (6e330ef7fe02cabcd2d2f520e3574ec2)] -> css selector: input.button-1.login-button]<br></div>
				<div class='pre'>passed</div>
			
		</li>
		<li test-id='41' class='node then pass' status='pass'>
			
			<b>Then</b>
			
			<span class="bdd-step-name">Then I should Login successfully</span>
				<div class='pre'>Verify text: My account is displayed on the Account Page [[ChromeDriver: chrome on WINDOWS (6e330ef7fe02cabcd2d2f520e3574ec2)] -> xpath: //a[@class='ico-account']]</div>
				<div class='pre'>passed</div>
			
		</li>
	</ul>
</div>
<div class='scenariooutline node' test-id='42' status='fail'>
	<span class='duration right label'>0h 3m 15s+727ms</span>
	<div class='desc'>
		<b>ScenarioOutline</b>
		<span class="desc-text">User should Login successfully with valid credentials</span>
	</div>
	<ul class='steps'>
		<li test-id='43' class='node scenario fail' status='fail'>
			
			<b>Scenario</b>
			
			<span class="bdd-step-name">User should Login successfully with valid credentials</span>
			
				<ul class='steps'>
					<li test-id='44' class='node given pass' status='pass'><b>Given</b>
						<span class="bdd-step-name">Given I am on Home page</span>
							<div class='pre'>I am on Home Page</div>
							<div class='pre'>passed</div>
					</li>
					<li test-id='45' class='node when pass' status='pass'><b>When</b>
						<span class="bdd-step-name">When I click on Login Link</span>
							<div class='pre'>clicking on login link[[ChromeDriver: chrome on WINDOWS (00b114f43ee59829fdad04a42c098283)] -> xpath: //a[@class='ico-login']]<br></div>
							<div class='pre'>passed</div>
					</li>
					<li test-id='46' class='node and pass' status='pass'><b>And</b>
						<span class="bdd-step-name">And I enter email "ram444@yahoo.com"</span>
							<div class='pre'>Enter email:ram444@yahoo.com to email filed [[ChromeDriver: chrome on WINDOWS (00b114f43ee59829fdad04a42c098283)] -> css selector: input#Email]<br></div>
							<div class='pre'>passed</div>
					</li>
					<li test-id='47' class='node and pass' status='pass'><b>And</b>
						<span class="bdd-step-name">And I enter password "london4"</span>
							<div class='pre'>Enter Passwrodlondon4 to password field [[ChromeDriver: chrome on WINDOWS (00b114f43ee59829fdad04a42c098283)] -> css selector: input.password]<br></div>
							<div class='pre'>passed</div>
					</li>
					<li test-id='48' class='node then pass' status='pass'><b>Then</b>
						<span class="bdd-step-name">Then I click on Login button</span>
							<div class='pre'>click on Login Submit Btn[[ChromeDriver: chrome on WINDOWS (00b114f43ee59829fdad04a42c098283)] -> css selector: input.button-1.login-button]<br></div>
							<div class='pre'>passed</div>
					</li>
					<li test-id='49' class='node then fail' status='fail'><b>Then</b>
						<span class="bdd-step-name">Then I should Login successfully</span>
						<ul class='screenshots right'>
							<li><a data-featherlight="image" href="C:\Users\HP\IdeaProjects\nopcom-cucumber-project-vt/src/main/java/com/demo/nopcom/screenshots/User_should_Login_successfully_with_valid_credentials20200429104200.png"><i class='material-icons'>panorama</i></a></li>
						</ul>
							<div class='pre'><pre>org.openqa.selenium.TimeoutException: Expected condition failed: waiting for element to be clickable: Proxy element for: DefaultElementLocator 'By.xpath: //a[@class='ico-account']' (tried for 20 second(s) with 500 milliseconds interval)
	at org.openqa.selenium.support.ui.WebDriverWait.timeoutException(WebDriverWait.java:95)
	at org.openqa.selenium.support.ui.FluentWait.until(FluentWait.java:272)
	at com.demo.nopcom.utility.UtilityRM.waitUntilElementToBeClickable(UtilityRM.java:365)
	at com.demo.nopcom.pages.AccountPage.verifyMyAccountText(AccountPage.java:22)
	at com.demo.nopcom.cucumber.stepdefs.MyStepdefs.iShouldLoginSuccessfully(MyStepdefs.java:52)
	at ✽.Then I should Login successfully(src/test/java/com/demo/nopcom/resources/featurefiles/login.feature:24)
Caused by: org.openqa.selenium.NoSuchElementException: no such element: Unable to locate element: {"method":"xpath","selector":"//a[@class='ico-account']"}
  (Session info: chrome=81.0.4044.122)
For documentation on this error, please visit: https://www.seleniumhq.org/exceptions/no_such_element.html
Build info: version: '3.141.59', revision: 'e82be7d358', time: '2018-11-14T08:17:03'
System info: host: 'DESKTOP-59P8T20', ip: '192.168.43.144', os.name: 'Windows 10', os.arch: 'amd64', os.version: '10.0', java.version: '1.8.0_121'
Driver info: org.openqa.selenium.chrome.ChromeDriver
Capabilities {acceptInsecureCerts: false, browserName: chrome, browserVersion: 81.0.4044.122, chrome: {chromedriverVersion: 80.0.3987.106 (f68069574609..., userDataDir: C:\Users\HP\AppData\Local\T...}, goog:chromeOptions: {debuggerAddress: localhost:54049}, javascriptEnabled: true, networkConnectionEnabled: false, pageLoadStrategy: normal, platform: WINDOWS, platformName: WINDOWS, proxy: Proxy(), setWindowRect: true, strictFileInteractability: false, timeouts: {implicit: 0, pageLoad: 300000, script: 30000}, unhandledPromptBehavior: dismiss and notify}
Session ID: 00b114f43ee59829fdad04a42c098283
*** Element info: {Using=xpath, value=//a[@class='ico-account']}
	at sun.reflect.NativeConstructorAccessorImpl.newInstance0(Native Method)
	at sun.reflect.NativeConstructorAccessorImpl.newInstance(NativeConstructorAccessorImpl.java:62)
	at sun.reflect.DelegatingConstructorAccessorImpl.newInstance(DelegatingConstructorAccessorImpl.java:45)
	at java.lang.reflect.Constructor.newInstance(Constructor.java:423)
	at org.openqa.selenium.remote.http.W3CHttpResponseCodec.createException(W3CHttpResponseCodec.java:187)
	at org.openqa.selenium.remote.http.W3CHttpResponseCodec.decode(W3CHttpResponseCodec.java:122)
	at org.openqa.selenium.remote.http.W3CHttpResponseCodec.decode(W3CHttpResponseCodec.java:49)
	at org.openqa.selenium.remote.HttpCommandExecutor.execute(HttpCommandExecutor.java:158)
	at org.openqa.selenium.remote.service.DriverCommandExecutor.execute(DriverCommandExecutor.java:83)
	at org.openqa.selenium.remote.RemoteWebDriver.execute(RemoteWebDriver.java:552)
	at org.openqa.selenium.remote.RemoteWebDriver.findElement(RemoteWebDriver.java:323)
	at org.openqa.selenium.remote.RemoteWebDriver.findElementByXPath(RemoteWebDriver.java:428)
	at org.openqa.selenium.By$ByXPath.findElement(By.java:353)
	at org.openqa.selenium.remote.RemoteWebDriver.findElement(RemoteWebDriver.java:315)
	at org.openqa.selenium.support.pagefactory.DefaultElementLocator.findElement(DefaultElementLocator.java:69)
	at org.openqa.selenium.support.pagefactory.internal.LocatingElementHandler.invoke(LocatingElementHandler.java:38)
	at com.sun.proxy.$Proxy19.isDisplayed(Unknown Source)
	at org.openqa.selenium.support.ui.ExpectedConditions.elementIfVisible(ExpectedConditions.java:314)
	at org.openqa.selenium.support.ui.ExpectedConditions.access$000(ExpectedConditions.java:43)
	at org.openqa.selenium.support.ui.ExpectedConditions$10.apply(ExpectedConditions.java:300)
	at org.openqa.selenium.support.ui.ExpectedConditions$10.apply(ExpectedConditions.java:297)
	at org.openqa.selenium.support.ui.ExpectedConditions$23.apply(ExpectedConditions.java:670)
	at org.openqa.selenium.support.ui.ExpectedConditions$23.apply(ExpectedConditions.java:666)
	at org.openqa.selenium.support.ui.FluentWait.until(FluentWait.java:249)
	at com.demo.nopcom.utility.UtilityRM.waitUntilElementToBeClickable(UtilityRM.java:365)
	at com.demo.nopcom.pages.AccountPage.verifyMyAccountText(AccountPage.java:22)
	at com.demo.nopcom.cucumber.stepdefs.MyStepdefs.iShouldLoginSuccessfully(MyStepdefs.java:52)
	at sun.reflect.NativeMethodAccessorImpl.invoke0(Native Method)
	at sun.reflect.NativeMethodAccessorImpl.invoke(NativeMethodAccessorImpl.java:62)
	at sun.reflect.DelegatingMethodAccessorImpl.invoke(DelegatingMethodAccessorImpl.java:43)
	at java.lang.reflect.Method.invoke(Method.java:498)
	at cucumber.runtime.Utils$1.call(Utils.java:40)
	at cucumber.runtime.Timeout.timeout(Timeout.java:16)
	at cucumber.runtime.Utils.invoke(Utils.java:34)
	at cucumber.runtime.java.JavaStepDefinition.execute(JavaStepDefinition.java:38)
	at cucumber.runtime.StepDefinitionMatch.runStep(StepDefinitionMatch.java:37)
	at cucumber.runtime.Runtime.runStep(Runtime.java:300)
	at cucumber.runtime.model.StepContainer.runStep(StepContainer.java:44)
	at cucumber.runtime.model.StepContainer.runSteps(StepContainer.java:39)
	at cucumber.runtime.model.CucumberScenario.run(CucumberScenario.java:44)
	at cucumber.runtime.junit.ExecutionUnitRunner.run(ExecutionUnitRunner.java:102)
	at org.junit.runners.Suite.runChild(Suite.java:128)
	at org.junit.runners.Suite.runChild(Suite.java:27)
	at org.junit.runners.ParentRunner$3.run(ParentRunner.java:290)
	at org.junit.runners.ParentRunner$1.schedule(ParentRunner.java:71)
	at org.junit.runners.ParentRunner.runChildren(ParentRunner.java:288)
	at org.junit.runners.ParentRunner.access$000(ParentRunner.java:58)
	at org.junit.runners.ParentRunner$2.evaluate(ParentRunner.java:268)
	at org.junit.runners.ParentRunner.run(ParentRunner.java:363)
	at cucumber.runtime.junit.ExamplesRunner.run(ExamplesRunner.java:59)
	at org.junit.runners.Suite.runChild(Suite.java:128)
	at org.junit.runners.Suite.runChild(Suite.java:27)
	at org.junit.runners.ParentRunner$3.run(ParentRunner.java:290)
	at org.junit.runners.ParentRunner$1.schedule(ParentRunner.java:71)
	at org.junit.runners.ParentRunner.runChildren(ParentRunner.java:288)
	at org.junit.runners.ParentRunner.access$000(ParentRunner.java:58)
	at org.junit.runners.ParentRunner$2.evaluate(ParentRunner.java:268)
	at org.junit.runners.ParentRunner.run(ParentRunner.java:363)
	at cucumber.runtime.junit.ScenarioOutlineRunner.run(ScenarioOutlineRunner.java:53)
	at cucumber.runtime.junit.FeatureRunner.runChild(FeatureRunner.java:63)
	at cucumber.runtime.junit.FeatureRunner.runChild(FeatureRunner.java:18)
	at org.junit.runners.ParentRunner$3.run(ParentRunner.java:290)
	at org.junit.runners.ParentRunner$1.schedule(ParentRunner.java:71)
	at org.junit.runners.ParentRunner.runChildren(ParentRunner.java:288)
	at org.junit.runners.ParentRunner.access$000(ParentRunner.java:58)
	at org.junit.runners.ParentRunner$2.evaluate(ParentRunner.java:268)
	at org.junit.runners.ParentRunner.run(ParentRunner.java:363)
	at cucumber.runtime.junit.FeatureRunner.run(FeatureRunner.java:70)
	at cucumber.api.junit.Cucumber.runChild(Cucumber.java:95)
	at cucumber.api.junit.Cucumber.runChild(Cucumber.java:38)
	at org.junit.runners.ParentRunner$3.run(ParentRunner.java:290)
	at org.junit.runners.ParentRunner$1.schedule(ParentRunner.java:71)
	at org.junit.runners.ParentRunner.runChildren(ParentRunner.java:288)
	at org.junit.runners.ParentRunner.access$000(ParentRunner.java:58)
	at org.junit.runners.ParentRunner$2.evaluate(ParentRunner.java:268)
	at org.junit.internal.runners.statements.RunAfters.evaluate(RunAfters.java:27)
	at org.junit.runners.ParentRunner.run(ParentRunner.java:363)
	at cucumber.api.junit.Cucumber.run(Cucumber.java:100)
	at org.junit.runner.JUnitCore.run(JUnitCore.java:137)
	at com.intellij.junit4.JUnit4IdeaTestRunner.startRunnerWithArgs(JUnit4IdeaTestRunner.java:68)
	at com.intellij.rt.junit.IdeaTestRunner$Repeater.startRunnerWithArgs(IdeaTestRunner.java:33)
	at com.intellij.rt.junit.JUnitStarter.prepareStreamsAndStart(JUnitStarter.java:230)
	at com.intellij.rt.junit.JUnitStarter.main(JUnitStarter.java:58)
</pre></div>
					</li>
				</ul>
		</li>
		<li test-id='50' class='node scenario pass' status='pass'>
			
			<b>Scenario</b>
			
			<span class="bdd-step-name">User should Login successfully with valid credentials</span>
			
				<ul class='steps'>
					<li test-id='51' class='node given pass' status='pass'><b>Given</b>
						<span class="bdd-step-name">Given I am on Home page</span>
							<div class='pre'>I am on Home Page</div>
							<div class='pre'>passed</div>
					</li>
					<li test-id='52' class='node when pass' status='pass'><b>When</b>
						<span class="bdd-step-name">When I click on Login Link</span>
							<div class='pre'>clicking on login link[[ChromeDriver: chrome on WINDOWS (9370ff49626acfef07c40c342a70d405)] -> xpath: //a[@class='ico-login']]<br></div>
							<div class='pre'>passed</div>
					</li>
					<li test-id='53' class='node and pass' status='pass'><b>And</b>
						<span class="bdd-step-name">And I enter email "ram555@yahoo.com"</span>
							<div class='pre'>Enter email:ram555@yahoo.com to email filed [[ChromeDriver: chrome on WINDOWS (9370ff49626acfef07c40c342a70d405)] -> css selector: input#Email]<br></div>
							<div class='pre'>passed</div>
					</li>
					<li test-id='54' class='node and pass' status='pass'><b>And</b>
						<span class="bdd-step-name">And I enter password "london5"</span>
							<div class='pre'>Enter Passwrodlondon5 to password field [[ChromeDriver: chrome on WINDOWS (9370ff49626acfef07c40c342a70d405)] -> css selector: input.password]<br></div>
							<div class='pre'>passed</div>
					</li>
					<li test-id='55' class='node then pass' status='pass'><b>Then</b>
						<span class="bdd-step-name">Then I click on Login button</span>
							<div class='pre'>click on Login Submit Btn[[ChromeDriver: chrome on WINDOWS (9370ff49626acfef07c40c342a70d405)] -> css selector: input.button-1.login-button]<br></div>
							<div class='pre'>passed</div>
					</li>
					<li test-id='56' class='node then pass' status='pass'><b>Then</b>
						<span class="bdd-step-name">Then I should Login successfully</span>
							<div class='pre'>Verify text: My account is displayed on the Account Page [[ChromeDriver: chrome on WINDOWS (9370ff49626acfef07c40c342a70d405)] -> xpath: //a[@class='ico-account']]</div>
							<div class='pre'>passed</div>
					</li>
				</ul>
		</li>
		<li test-id='57' class='node scenario fail' status='fail'>
			
			<b>Scenario</b>
			
			<span class="bdd-step-name">User should Login successfully with valid credentials</span>
			
				<ul class='steps'>
					<li test-id='58' class='node given pass' status='pass'><b>Given</b>
						<span class="bdd-step-name">Given I am on Home page</span>
							<div class='pre'>I am on Home Page</div>
							<div class='pre'>passed</div>
					</li>
					<li test-id='59' class='node when pass' status='pass'><b>When</b>
						<span class="bdd-step-name">When I click on Login Link</span>
							<div class='pre'>clicking on login link[[ChromeDriver: chrome on WINDOWS (1b392ceb16ab26326afe630473b3d4d0)] -> xpath: //a[@class='ico-login']]<br></div>
							<div class='pre'>passed</div>
					</li>
					<li test-id='60' class='node and pass' status='pass'><b>And</b>
						<span class="bdd-step-name">And I enter email "xyz13@gmail.com"</span>
							<div class='pre'>Enter email:xyz13@gmail.com to email filed [[ChromeDriver: chrome on WINDOWS (1b392ceb16ab26326afe630473b3d4d0)] -> css selector: input#Email]<br></div>
							<div class='pre'>passed</div>
					</li>
					<li test-id='61' class='node and pass' status='pass'><b>And</b>
						<span class="bdd-step-name">And I enter password "abc123"</span>
							<div class='pre'>Enter Passwrodabc123 to password field [[ChromeDriver: chrome on WINDOWS (1b392ceb16ab26326afe630473b3d4d0)] -> css selector: input.password]<br></div>
							<div class='pre'>passed</div>
					</li>
					<li test-id='62' class='node then pass' status='pass'><b>Then</b>
						<span class="bdd-step-name">Then I click on Login button</span>
							<div class='pre'>click on Login Submit Btn[[ChromeDriver: chrome on WINDOWS (1b392ceb16ab26326afe630473b3d4d0)] -> css selector: input.button-1.login-button]<br></div>
							<div class='pre'>passed</div>
					</li>
					<li test-id='63' class='node then fail' status='fail'><b>Then</b>
						<span class="bdd-step-name">Then I should Login successfully</span>
						<ul class='screenshots right'>
							<li><a data-featherlight="image" href="C:\Users\HP\IdeaProjects\nopcom-cucumber-project-vt/src/main/java/com/demo/nopcom/screenshots/User_should_Login_successfully_with_valid_credentials20200429104316.png"><i class='material-icons'>panorama</i></a></li>
						</ul>
							<div class='pre'><pre>org.openqa.selenium.TimeoutException: Expected condition failed: waiting for element to be clickable: Proxy element for: DefaultElementLocator 'By.xpath: //a[@class='ico-account']' (tried for 20 second(s) with 500 milliseconds interval)
	at org.openqa.selenium.support.ui.WebDriverWait.timeoutException(WebDriverWait.java:95)
	at org.openqa.selenium.support.ui.FluentWait.until(FluentWait.java:272)
	at com.demo.nopcom.utility.UtilityRM.waitUntilElementToBeClickable(UtilityRM.java:365)
	at com.demo.nopcom.pages.AccountPage.verifyMyAccountText(AccountPage.java:22)
	at com.demo.nopcom.cucumber.stepdefs.MyStepdefs.iShouldLoginSuccessfully(MyStepdefs.java:52)
	at ✽.Then I should Login successfully(src/test/java/com/demo/nopcom/resources/featurefiles/login.feature:24)
Caused by: org.openqa.selenium.NoSuchElementException: no such element: Unable to locate element: {"method":"xpath","selector":"//a[@class='ico-account']"}
  (Session info: chrome=81.0.4044.122)
For documentation on this error, please visit: https://www.seleniumhq.org/exceptions/no_such_element.html
Build info: version: '3.141.59', revision: 'e82be7d358', time: '2018-11-14T08:17:03'
System info: host: 'DESKTOP-59P8T20', ip: '192.168.43.144', os.name: 'Windows 10', os.arch: 'amd64', os.version: '10.0', java.version: '1.8.0_121'
Driver info: org.openqa.selenium.chrome.ChromeDriver
Capabilities {acceptInsecureCerts: false, browserName: chrome, browserVersion: 81.0.4044.122, chrome: {chromedriverVersion: 80.0.3987.106 (f68069574609..., userDataDir: C:\Users\HP\AppData\Local\T...}, goog:chromeOptions: {debuggerAddress: localhost:54104}, javascriptEnabled: true, networkConnectionEnabled: false, pageLoadStrategy: normal, platform: WINDOWS, platformName: WINDOWS, proxy: Proxy(), setWindowRect: true, strictFileInteractability: false, timeouts: {implicit: 0, pageLoad: 300000, script: 30000}, unhandledPromptBehavior: dismiss and notify}
Session ID: 1b392ceb16ab26326afe630473b3d4d0
*** Element info: {Using=xpath, value=//a[@class='ico-account']}
	at sun.reflect.NativeConstructorAccessorImpl.newInstance0(Native Method)
	at sun.reflect.NativeConstructorAccessorImpl.newInstance(NativeConstructorAccessorImpl.java:62)
	at sun.reflect.DelegatingConstructorAccessorImpl.newInstance(DelegatingConstructorAccessorImpl.java:45)
	at java.lang.reflect.Constructor.newInstance(Constructor.java:423)
	at org.openqa.selenium.remote.http.W3CHttpResponseCodec.createException(W3CHttpResponseCodec.java:187)
	at org.openqa.selenium.remote.http.W3CHttpResponseCodec.decode(W3CHttpResponseCodec.java:122)
	at org.openqa.selenium.remote.http.W3CHttpResponseCodec.decode(W3CHttpResponseCodec.java:49)
	at org.openqa.selenium.remote.HttpCommandExecutor.execute(HttpCommandExecutor.java:158)
	at org.openqa.selenium.remote.service.DriverCommandExecutor.execute(DriverCommandExecutor.java:83)
	at org.openqa.selenium.remote.RemoteWebDriver.execute(RemoteWebDriver.java:552)
	at org.openqa.selenium.remote.RemoteWebDriver.findElement(RemoteWebDriver.java:323)
	at org.openqa.selenium.remote.RemoteWebDriver.findElementByXPath(RemoteWebDriver.java:428)
	at org.openqa.selenium.By$ByXPath.findElement(By.java:353)
	at org.openqa.selenium.remote.RemoteWebDriver.findElement(RemoteWebDriver.java:315)
	at org.openqa.selenium.support.pagefactory.DefaultElementLocator.findElement(DefaultElementLocator.java:69)
	at org.openqa.selenium.support.pagefactory.internal.LocatingElementHandler.invoke(LocatingElementHandler.java:38)
	at com.sun.proxy.$Proxy19.isDisplayed(Unknown Source)
	at org.openqa.selenium.support.ui.ExpectedConditions.elementIfVisible(ExpectedConditions.java:314)
	at org.openqa.selenium.support.ui.ExpectedConditions.access$000(ExpectedConditions.java:43)
	at org.openqa.selenium.support.ui.ExpectedConditions$10.apply(ExpectedConditions.java:300)
	at org.openqa.selenium.support.ui.ExpectedConditions$10.apply(ExpectedConditions.java:297)
	at org.openqa.selenium.support.ui.ExpectedConditions$23.apply(ExpectedConditions.java:670)
	at org.openqa.selenium.support.ui.ExpectedConditions$23.apply(ExpectedConditions.java:666)
	at org.openqa.selenium.support.ui.FluentWait.until(FluentWait.java:249)
	at com.demo.nopcom.utility.UtilityRM.waitUntilElementToBeClickable(UtilityRM.java:365)
	at com.demo.nopcom.pages.AccountPage.verifyMyAccountText(AccountPage.java:22)
	at com.demo.nopcom.cucumber.stepdefs.MyStepdefs.iShouldLoginSuccessfully(MyStepdefs.java:52)
	at sun.reflect.NativeMethodAccessorImpl.invoke0(Native Method)
	at sun.reflect.NativeMethodAccessorImpl.invoke(NativeMethodAccessorImpl.java:62)
	at sun.reflect.DelegatingMethodAccessorImpl.invoke(DelegatingMethodAccessorImpl.java:43)
	at java.lang.reflect.Method.invoke(Method.java:498)
	at cucumber.runtime.Utils$1.call(Utils.java:40)
	at cucumber.runtime.Timeout.timeout(Timeout.java:16)
	at cucumber.runtime.Utils.invoke(Utils.java:34)
	at cucumber.runtime.java.JavaStepDefinition.execute(JavaStepDefinition.java:38)
	at cucumber.runtime.StepDefinitionMatch.runStep(StepDefinitionMatch.java:37)
	at cucumber.runtime.Runtime.runStep(Runtime.java:300)
	at cucumber.runtime.model.StepContainer.runStep(StepContainer.java:44)
	at cucumber.runtime.model.StepContainer.runSteps(StepContainer.java:39)
	at cucumber.runtime.model.CucumberScenario.run(CucumberScenario.java:44)
	at cucumber.runtime.junit.ExecutionUnitRunner.run(ExecutionUnitRunner.java:102)
	at org.junit.runners.Suite.runChild(Suite.java:128)
	at org.junit.runners.Suite.runChild(Suite.java:27)
	at org.junit.runners.ParentRunner$3.run(ParentRunner.java:290)
	at org.junit.runners.ParentRunner$1.schedule(ParentRunner.java:71)
	at org.junit.runners.ParentRunner.runChildren(ParentRunner.java:288)
	at org.junit.runners.ParentRunner.access$000(ParentRunner.java:58)
	at org.junit.runners.ParentRunner$2.evaluate(ParentRunner.java:268)
	at org.junit.runners.ParentRunner.run(ParentRunner.java:363)
	at cucumber.runtime.junit.ExamplesRunner.run(ExamplesRunner.java:59)
	at org.junit.runners.Suite.runChild(Suite.java:128)
	at org.junit.runners.Suite.runChild(Suite.java:27)
	at org.junit.runners.ParentRunner$3.run(ParentRunner.java:290)
	at org.junit.runners.ParentRunner$1.schedule(ParentRunner.java:71)
	at org.junit.runners.ParentRunner.runChildren(ParentRunner.java:288)
	at org.junit.runners.ParentRunner.access$000(ParentRunner.java:58)
	at org.junit.runners.ParentRunner$2.evaluate(ParentRunner.java:268)
	at org.junit.runners.ParentRunner.run(ParentRunner.java:363)
	at cucumber.runtime.junit.ScenarioOutlineRunner.run(ScenarioOutlineRunner.java:53)
	at cucumber.runtime.junit.FeatureRunner.runChild(FeatureRunner.java:63)
	at cucumber.runtime.junit.FeatureRunner.runChild(FeatureRunner.java:18)
	at org.junit.runners.ParentRunner$3.run(ParentRunner.java:290)
	at org.junit.runners.ParentRunner$1.schedule(ParentRunner.java:71)
	at org.junit.runners.ParentRunner.runChildren(ParentRunner.java:288)
	at org.junit.runners.ParentRunner.access$000(ParentRunner.java:58)
	at org.junit.runners.ParentRunner$2.evaluate(ParentRunner.java:268)
	at org.junit.runners.ParentRunner.run(ParentRunner.java:363)
	at cucumber.runtime.junit.FeatureRunner.run(FeatureRunner.java:70)
	at cucumber.api.junit.Cucumber.runChild(Cucumber.java:95)
	at cucumber.api.junit.Cucumber.runChild(Cucumber.java:38)
	at org.junit.runners.ParentRunner$3.run(ParentRunner.java:290)
	at org.junit.runners.ParentRunner$1.schedule(ParentRunner.java:71)
	at org.junit.runners.ParentRunner.runChildren(ParentRunner.java:288)
	at org.junit.runners.ParentRunner.access$000(ParentRunner.java:58)
	at org.junit.runners.ParentRunner$2.evaluate(ParentRunner.java:268)
	at org.junit.internal.runners.statements.RunAfters.evaluate(RunAfters.java:27)
	at org.junit.runners.ParentRunner.run(ParentRunner.java:363)
	at cucumber.api.junit.Cucumber.run(Cucumber.java:100)
	at org.junit.runner.JUnitCore.run(JUnitCore.java:137)
	at com.intellij.junit4.JUnit4IdeaTestRunner.startRunnerWithArgs(JUnit4IdeaTestRunner.java:68)
	at com.intellij.rt.junit.IdeaTestRunner$Repeater.startRunnerWithArgs(IdeaTestRunner.java:33)
	at com.intellij.rt.junit.JUnitStarter.prepareStreamsAndStart(JUnitStarter.java:230)
	at com.intellij.rt.junit.JUnitStarter.main(JUnitStarter.java:58)
</pre></div>
					</li>
				</ul>
		</li>
		<li test-id='64' class='node scenario fail' status='fail'>
			
			<b>Scenario</b>
			
			<span class="bdd-step-name">User should Login successfully with valid credentials</span>
			
				<ul class='steps'>
					<li test-id='65' class='node given pass' status='pass'><b>Given</b>
						<span class="bdd-step-name">Given I am on Home page</span>
							<div class='pre'>I am on Home Page</div>
							<div class='pre'>passed</div>
					</li>
					<li test-id='66' class='node when pass' status='pass'><b>When</b>
						<span class="bdd-step-name">When I click on Login Link</span>
							<div class='pre'>clicking on login link[[ChromeDriver: chrome on WINDOWS (81291cb36f91e0629d9195e9a8a88e9c)] -> xpath: //a[@class='ico-login']]<br></div>
							<div class='pre'>passed</div>
					</li>
					<li test-id='67' class='node and pass' status='pass'><b>And</b>
						<span class="bdd-step-name">And I enter email "xyz1@gmail.com"</span>
							<div class='pre'>Enter email:xyz1@gmail.com to email filed [[ChromeDriver: chrome on WINDOWS (81291cb36f91e0629d9195e9a8a88e9c)] -> css selector: input#Email]<br></div>
							<div class='pre'>passed</div>
					</li>
					<li test-id='68' class='node and pass' status='pass'><b>And</b>
						<span class="bdd-step-name">And I enter password "abc1234"</span>
							<div class='pre'>Enter Passwrodabc1234 to password field [[ChromeDriver: chrome on WINDOWS (81291cb36f91e0629d9195e9a8a88e9c)] -> css selector: input.password]<br></div>
							<div class='pre'>passed</div>
					</li>
					<li test-id='69' class='node then pass' status='pass'><b>Then</b>
						<span class="bdd-step-name">Then I click on Login button</span>
							<div class='pre'>click on Login Submit Btn[[ChromeDriver: chrome on WINDOWS (81291cb36f91e0629d9195e9a8a88e9c)] -> css selector: input.button-1.login-button]<br></div>
							<div class='pre'>passed</div>
					</li>
					<li test-id='70' class='node then fail' status='fail'><b>Then</b>
						<span class="bdd-step-name">Then I should Login successfully</span>
						<ul class='screenshots right'>
							<li><a data-featherlight="image" href="C:\Users\HP\IdeaProjects\nopcom-cucumber-project-vt/src/main/java/com/demo/nopcom/screenshots/User_should_Login_successfully_with_valid_credentials20200429104405.png"><i class='material-icons'>panorama</i></a></li>
						</ul>
							<div class='pre'><pre>org.openqa.selenium.TimeoutException: Expected condition failed: waiting for element to be clickable: Proxy element for: DefaultElementLocator 'By.xpath: //a[@class='ico-account']' (tried for 20 second(s) with 500 milliseconds interval)
	at org.openqa.selenium.support.ui.WebDriverWait.timeoutException(WebDriverWait.java:95)
	at org.openqa.selenium.support.ui.FluentWait.until(FluentWait.java:272)
	at com.demo.nopcom.utility.UtilityRM.waitUntilElementToBeClickable(UtilityRM.java:365)
	at com.demo.nopcom.pages.AccountPage.verifyMyAccountText(AccountPage.java:22)
	at com.demo.nopcom.cucumber.stepdefs.MyStepdefs.iShouldLoginSuccessfully(MyStepdefs.java:52)
	at ✽.Then I should Login successfully(src/test/java/com/demo/nopcom/resources/featurefiles/login.feature:24)
Caused by: org.openqa.selenium.NoSuchElementException: no such element: Unable to locate element: {"method":"xpath","selector":"//a[@class='ico-account']"}
  (Session info: chrome=81.0.4044.122)
For documentation on this error, please visit: https://www.seleniumhq.org/exceptions/no_such_element.html
Build info: version: '3.141.59', revision: 'e82be7d358', time: '2018-11-14T08:17:03'
System info: host: 'DESKTOP-59P8T20', ip: '192.168.43.144', os.name: 'Windows 10', os.arch: 'amd64', os.version: '10.0', java.version: '1.8.0_121'
Driver info: org.openqa.selenium.chrome.ChromeDriver
Capabilities {acceptInsecureCerts: false, browserName: chrome, browserVersion: 81.0.4044.122, chrome: {chromedriverVersion: 80.0.3987.106 (f68069574609..., userDataDir: C:\Users\HP\AppData\Local\T...}, goog:chromeOptions: {debuggerAddress: localhost:54132}, javascriptEnabled: true, networkConnectionEnabled: false, pageLoadStrategy: normal, platform: WINDOWS, platformName: WINDOWS, proxy: Proxy(), setWindowRect: true, strictFileInteractability: false, timeouts: {implicit: 0, pageLoad: 300000, script: 30000}, unhandledPromptBehavior: dismiss and notify}
Session ID: 81291cb36f91e0629d9195e9a8a88e9c
*** Element info: {Using=xpath, value=//a[@class='ico-account']}
	at sun.reflect.NativeConstructorAccessorImpl.newInstance0(Native Method)
	at sun.reflect.NativeConstructorAccessorImpl.newInstance(NativeConstructorAccessorImpl.java:62)
	at sun.reflect.DelegatingConstructorAccessorImpl.newInstance(DelegatingConstructorAccessorImpl.java:45)
	at java.lang.reflect.Constructor.newInstance(Constructor.java:423)
	at org.openqa.selenium.remote.http.W3CHttpResponseCodec.createException(W3CHttpResponseCodec.java:187)
	at org.openqa.selenium.remote.http.W3CHttpResponseCodec.decode(W3CHttpResponseCodec.java:122)
	at org.openqa.selenium.remote.http.W3CHttpResponseCodec.decode(W3CHttpResponseCodec.java:49)
	at org.openqa.selenium.remote.HttpCommandExecutor.execute(HttpCommandExecutor.java:158)
	at org.openqa.selenium.remote.service.DriverCommandExecutor.execute(DriverCommandExecutor.java:83)
	at org.openqa.selenium.remote.RemoteWebDriver.execute(RemoteWebDriver.java:552)
	at org.openqa.selenium.remote.RemoteWebDriver.findElement(RemoteWebDriver.java:323)
	at org.openqa.selenium.remote.RemoteWebDriver.findElementByXPath(RemoteWebDriver.java:428)
	at org.openqa.selenium.By$ByXPath.findElement(By.java:353)
	at org.openqa.selenium.remote.RemoteWebDriver.findElement(RemoteWebDriver.java:315)
	at org.openqa.selenium.support.pagefactory.DefaultElementLocator.findElement(DefaultElementLocator.java:69)
	at org.openqa.selenium.support.pagefactory.internal.LocatingElementHandler.invoke(LocatingElementHandler.java:38)
	at com.sun.proxy.$Proxy19.isDisplayed(Unknown Source)
	at org.openqa.selenium.support.ui.ExpectedConditions.elementIfVisible(ExpectedConditions.java:314)
	at org.openqa.selenium.support.ui.ExpectedConditions.access$000(ExpectedConditions.java:43)
	at org.openqa.selenium.support.ui.ExpectedConditions$10.apply(ExpectedConditions.java:300)
	at org.openqa.selenium.support.ui.ExpectedConditions$10.apply(ExpectedConditions.java:297)
	at org.openqa.selenium.support.ui.ExpectedConditions$23.apply(ExpectedConditions.java:670)
	at org.openqa.selenium.support.ui.ExpectedConditions$23.apply(ExpectedConditions.java:666)
	at org.openqa.selenium.support.ui.FluentWait.until(FluentWait.java:249)
	at com.demo.nopcom.utility.UtilityRM.waitUntilElementToBeClickable(UtilityRM.java:365)
	at com.demo.nopcom.pages.AccountPage.verifyMyAccountText(AccountPage.java:22)
	at com.demo.nopcom.cucumber.stepdefs.MyStepdefs.iShouldLoginSuccessfully(MyStepdefs.java:52)
	at sun.reflect.NativeMethodAccessorImpl.invoke0(Native Method)
	at sun.reflect.NativeMethodAccessorImpl.invoke(NativeMethodAccessorImpl.java:62)
	at sun.reflect.DelegatingMethodAccessorImpl.invoke(DelegatingMethodAccessorImpl.java:43)
	at java.lang.reflect.Method.invoke(Method.java:498)
	at cucumber.runtime.Utils$1.call(Utils.java:40)
	at cucumber.runtime.Timeout.timeout(Timeout.java:16)
	at cucumber.runtime.Utils.invoke(Utils.java:34)
	at cucumber.runtime.java.JavaStepDefinition.execute(JavaStepDefinition.java:38)
	at cucumber.runtime.StepDefinitionMatch.runStep(StepDefinitionMatch.java:37)
	at cucumber.runtime.Runtime.runStep(Runtime.java:300)
	at cucumber.runtime.model.StepContainer.runStep(StepContainer.java:44)
	at cucumber.runtime.model.StepContainer.runSteps(StepContainer.java:39)
	at cucumber.runtime.model.CucumberScenario.run(CucumberScenario.java:44)
	at cucumber.runtime.junit.ExecutionUnitRunner.run(ExecutionUnitRunner.java:102)
	at org.junit.runners.Suite.runChild(Suite.java:128)
	at org.junit.runners.Suite.runChild(Suite.java:27)
	at org.junit.runners.ParentRunner$3.run(ParentRunner.java:290)
	at org.junit.runners.ParentRunner$1.schedule(ParentRunner.java:71)
	at org.junit.runners.ParentRunner.runChildren(ParentRunner.java:288)
	at org.junit.runners.ParentRunner.access$000(ParentRunner.java:58)
	at org.junit.runners.ParentRunner$2.evaluate(ParentRunner.java:268)
	at org.junit.runners.ParentRunner.run(ParentRunner.java:363)
	at cucumber.runtime.junit.ExamplesRunner.run(ExamplesRunner.java:59)
	at org.junit.runners.Suite.runChild(Suite.java:128)
	at org.junit.runners.Suite.runChild(Suite.java:27)
	at org.junit.runners.ParentRunner$3.run(ParentRunner.java:290)
	at org.junit.runners.ParentRunner$1.schedule(ParentRunner.java:71)
	at org.junit.runners.ParentRunner.runChildren(ParentRunner.java:288)
	at org.junit.runners.ParentRunner.access$000(ParentRunner.java:58)
	at org.junit.runners.ParentRunner$2.evaluate(ParentRunner.java:268)
	at org.junit.runners.ParentRunner.run(ParentRunner.java:363)
	at cucumber.runtime.junit.ScenarioOutlineRunner.run(ScenarioOutlineRunner.java:53)
	at cucumber.runtime.junit.FeatureRunner.runChild(FeatureRunner.java:63)
	at cucumber.runtime.junit.FeatureRunner.runChild(FeatureRunner.java:18)
	at org.junit.runners.ParentRunner$3.run(ParentRunner.java:290)
	at org.junit.runners.ParentRunner$1.schedule(ParentRunner.java:71)
	at org.junit.runners.ParentRunner.runChildren(ParentRunner.java:288)
	at org.junit.runners.ParentRunner.access$000(ParentRunner.java:58)
	at org.junit.runners.ParentRunner$2.evaluate(ParentRunner.java:268)
	at org.junit.runners.ParentRunner.run(ParentRunner.java:363)
	at cucumber.runtime.junit.FeatureRunner.run(FeatureRunner.java:70)
	at cucumber.api.junit.Cucumber.runChild(Cucumber.java:95)
	at cucumber.api.junit.Cucumber.runChild(Cucumber.java:38)
	at org.junit.runners.ParentRunner$3.run(ParentRunner.java:290)
	at org.junit.runners.ParentRunner$1.schedule(ParentRunner.java:71)
	at org.junit.runners.ParentRunner.runChildren(ParentRunner.java:288)
	at org.junit.runners.ParentRunner.access$000(ParentRunner.java:58)
	at org.junit.runners.ParentRunner$2.evaluate(ParentRunner.java:268)
	at org.junit.internal.runners.statements.RunAfters.evaluate(RunAfters.java:27)
	at org.junit.runners.ParentRunner.run(ParentRunner.java:363)
	at cucumber.api.junit.Cucumber.run(Cucumber.java:100)
	at org.junit.runner.JUnitCore.run(JUnitCore.java:137)
	at com.intellij.junit4.JUnit4IdeaTestRunner.startRunnerWithArgs(JUnit4IdeaTestRunner.java:68)
	at com.intellij.rt.junit.IdeaTestRunner$Repeater.startRunnerWithArgs(IdeaTestRunner.java:33)
	at com.intellij.rt.junit.JUnitStarter.prepareStreamsAndStart(JUnitStarter.java:230)
	at com.intellij.rt.junit.JUnitStarter.main(JUnitStarter.java:58)
</pre></div>
					</li>
				</ul>
		</li>
	</ul>
</div>
					</div>
				</li>
				
				
				<li class='test displayed active has-leaf pass' status='pass' bdd='true' test-id='71'>
					<div class='test-heading'>
						<span class='test-name'>Registration Feature</span>
						<span class='test-time'>Apr 29, 2020 10:44:07 PM</span>
						<span class='test-status right pass'>pass</span>
					</div>
					<div class='test-content hide'>
<div class='scenariooutline node' test-id='72' status='pass'>
	<span class='duration right label'>0h 1m 30s+425ms</span>
	<div class='desc'>
		<b>ScenarioOutline</b>
		<span class="desc-text">Verify error message when user tries to register account without entering first name</span>
	</div>
	<ul class='steps'>
		<li test-id='73' class='node scenario pass' status='pass'>
			
			<b>Scenario</b>
			
			<span class="bdd-step-name">Verify error message when user tries to register account without entering first name</span>
			
				<ul class='steps'>
					<li test-id='74' class='node given pass' status='pass'><b>Given</b>
						<span class="bdd-step-name">Given I am on Home page</span>
							<div class='pre'>I am on Home Page</div>
							<div class='pre'>passed</div>
					</li>
					<li test-id='75' class='node when pass' status='pass'><b>When</b>
						<span class="bdd-step-name">When I click on Register Link</span>
							<div class='pre'>cliking on registration link[[ChromeDriver: chrome on WINDOWS (6dd4aaacd027309ff44c7cfa7df8aa7f)] -> xpath: //div[@class='header-links-wrapper']//a[contains(text(),'Register')]]<br></div>
							<div class='pre'>passed</div>
					</li>
					<li test-id='76' class='node and pass' status='pass'><b>And</b>
						<span class="bdd-step-name">And I enter last name "Shah"</span>
							<div class='pre'>enter lastnameShahto the field[[ChromeDriver: chrome on WINDOWS (6dd4aaacd027309ff44c7cfa7df8aa7f)] -> xpath: //input[@id='LastName']]<br></div>
							<div class='pre'>passed</div>
					</li>
					<li test-id='77' class='node and pass' status='pass'><b>And</b>
						<span class="bdd-step-name">And I enter day "12"</span>
							<div class='pre'>select day[[ChromeDriver: chrome on WINDOWS (6dd4aaacd027309ff44c7cfa7df8aa7f)] -> xpath: //select[@name='DateOfBirthDay']]<br></div>
							<div class='pre'>passed</div>
					</li>
					<li test-id='78' class='node and pass' status='pass'><b>And</b>
						<span class="bdd-step-name">And I enter month "February"</span>
							<div class='pre'>select month[[ChromeDriver: chrome on WINDOWS (6dd4aaacd027309ff44c7cfa7df8aa7f)] -> xpath: //select[@name='DateOfBirthMonth']]<br></div>
							<div class='pre'>passed</div>
					</li>
					<li test-id='79' class='node and pass' status='pass'><b>And</b>
						<span class="bdd-step-name">And I enter year "2004"</span>
							<div class='pre'>selecct year[[ChromeDriver: chrome on WINDOWS (6dd4aaacd027309ff44c7cfa7df8aa7f)] -> xpath: //select[@name='DateOfBirthYear']]<br></div>
							<div class='pre'>passed</div>
					</li>
					<li test-id='80' class='node and pass' status='pass'><b>And</b>
						<span class="bdd-step-name">And I enter email address "ydhisthir@gmail.com"</span>
							<div class='pre'>enter emailydhisthir@gmail.comto email filed[[ChromeDriver: chrome on WINDOWS (6dd4aaacd027309ff44c7cfa7df8aa7f)] -> xpath: //input[@id='Email']]<br></div>
							<div class='pre'>passed</div>
					</li>
					<li test-id='81' class='node and pass' status='pass'><b>And</b>
						<span class="bdd-step-name">And I enter company name "Agni"</span>
							<div class='pre'>enter comapny nameAgnito company field[[ChromeDriver: chrome on WINDOWS (6dd4aaacd027309ff44c7cfa7df8aa7f)] -> xpath: //input[@id='Company']]<br></div>
							<div class='pre'>passed</div>
					</li>
					<li test-id='82' class='node and pass' status='pass'><b>And</b>
						<span class="bdd-step-name">And I enter register password "tana"</span>
							<div class='pre'>enter passwordtanato field[[ChromeDriver: chrome on WINDOWS (6dd4aaacd027309ff44c7cfa7df8aa7f)] -> xpath: //input[@id='Password']]<br></div>
							<div class='pre'>passed</div>
					</li>
					<li test-id='83' class='node and pass' status='pass'><b>And</b>
						<span class="bdd-step-name">And I enter register confirm password "tana"</span>
							<div class='pre'>enter confirm passwrodtanato the field[[ChromeDriver: chrome on WINDOWS (6dd4aaacd027309ff44c7cfa7df8aa7f)] -> xpath: //input[@id='ConfirmPassword']]<br></div>
							<div class='pre'>passed</div>
					</li>
					<li test-id='84' class='node and pass' status='pass'><b>And</b>
						<span class="bdd-step-name">And I click on Register button</span>
							<div class='pre'>click on register[[ChromeDriver: chrome on WINDOWS (6dd4aaacd027309ff44c7cfa7df8aa7f)] -> xpath: //input[@id='register-button']]<br></div>
							<div class='pre'>passed</div>
					</li>
					<li test-id='85' class='node then pass' status='pass'><b>Then</b>
						<span class="bdd-step-name">Then I should see the error message "First name is required."</span>
							<div class='pre'>Verify text: First name is required. when * marked mandatory fields are left empty [[ChromeDriver: chrome on WINDOWS (6dd4aaacd027309ff44c7cfa7df8aa7f)] -> xpath: //span[@class='field-validation-error']]</div>
							<div class='pre'>passed</div>
					</li>
				</ul>
		</li>
		<li test-id='86' class='node scenario pass' status='pass'>
			
			<b>Scenario</b>
			
			<span class="bdd-step-name">Verify error message when user tries to register account without entering first name</span>
			
				<ul class='steps'>
					<li test-id='87' class='node given pass' status='pass'><b>Given</b>
						<span class="bdd-step-name">Given I am on Home page</span>
							<div class='pre'>I am on Home Page</div>
							<div class='pre'>passed</div>
					</li>
					<li test-id='88' class='node when pass' status='pass'><b>When</b>
						<span class="bdd-step-name">When I click on Register Link</span>
							<div class='pre'>cliking on registration link[[ChromeDriver: chrome on WINDOWS (ca1178abf318da5471692a74763138b4)] -> xpath: //div[@class='header-links-wrapper']//a[contains(text(),'Register')]]<br></div>
							<div class='pre'>passed</div>
					</li>
					<li test-id='89' class='node and pass' status='pass'><b>And</b>
						<span class="bdd-step-name">And I enter last name "Sheth"</span>
							<div class='pre'>enter lastnameShethto the field[[ChromeDriver: chrome on WINDOWS (ca1178abf318da5471692a74763138b4)] -> xpath: //input[@id='LastName']]<br></div>
							<div class='pre'>passed</div>
					</li>
					<li test-id='90' class='node and pass' status='pass'><b>And</b>
						<span class="bdd-step-name">And I enter day "18"</span>
							<div class='pre'>select day[[ChromeDriver: chrome on WINDOWS (ca1178abf318da5471692a74763138b4)] -> xpath: //select[@name='DateOfBirthDay']]<br></div>
							<div class='pre'>passed</div>
					</li>
					<li test-id='91' class='node and pass' status='pass'><b>And</b>
						<span class="bdd-step-name">And I enter month "May"</span>
							<div class='pre'>select month[[ChromeDriver: chrome on WINDOWS (ca1178abf318da5471692a74763138b4)] -> xpath: //select[@name='DateOfBirthMonth']]<br></div>
							<div class='pre'>passed</div>
					</li>
					<li test-id='92' class='node and pass' status='pass'><b>And</b>
						<span class="bdd-step-name">And I enter year "2005"</span>
							<div class='pre'>selecct year[[ChromeDriver: chrome on WINDOWS (ca1178abf318da5471692a74763138b4)] -> xpath: //select[@name='DateOfBirthYear']]<br></div>
							<div class='pre'>passed</div>
					</li>
					<li test-id='93' class='node and pass' status='pass'><b>And</b>
						<span class="bdd-step-name">And I enter email address "bhim@gmail.com"</span>
							<div class='pre'>enter emailbhim@gmail.comto email filed[[ChromeDriver: chrome on WINDOWS (ca1178abf318da5471692a74763138b4)] -> xpath: //input[@id='Email']]<br></div>
							<div class='pre'>passed</div>
					</li>
					<li test-id='94' class='node and pass' status='pass'><b>And</b>
						<span class="bdd-step-name">And I enter company name "Vayu"</span>
							<div class='pre'>enter comapny nameVayuto company field[[ChromeDriver: chrome on WINDOWS (ca1178abf318da5471692a74763138b4)] -> xpath: //input[@id='Company']]<br></div>
							<div class='pre'>passed</div>
					</li>
					<li test-id='95' class='node and pass' status='pass'><b>And</b>
						<span class="bdd-step-name">And I enter register password "timbi"</span>
							<div class='pre'>enter passwordtimbito field[[ChromeDriver: chrome on WINDOWS (ca1178abf318da5471692a74763138b4)] -> xpath: //input[@id='Password']]<br></div>
							<div class='pre'>passed</div>
					</li>
					<li test-id='96' class='node and pass' status='pass'><b>And</b>
						<span class="bdd-step-name">And I enter register confirm password "timbi"</span>
							<div class='pre'>enter confirm passwrodtimbito the field[[ChromeDriver: chrome on WINDOWS (ca1178abf318da5471692a74763138b4)] -> xpath: //input[@id='ConfirmPassword']]<br></div>
							<div class='pre'>passed</div>
					</li>
					<li test-id='97' class='node and pass' status='pass'><b>And</b>
						<span class="bdd-step-name">And I click on Register button</span>
							<div class='pre'>click on register[[ChromeDriver: chrome on WINDOWS (ca1178abf318da5471692a74763138b4)] -> xpath: //input[@id='register-button']]<br></div>
							<div class='pre'>passed</div>
					</li>
					<li test-id='98' class='node then pass' status='pass'><b>Then</b>
						<span class="bdd-step-name">Then I should see the error message "First name is required."</span>
							<div class='pre'>Verify text: First name is required. when * marked mandatory fields are left empty [[ChromeDriver: chrome on WINDOWS (ca1178abf318da5471692a74763138b4)] -> xpath: //span[@class='field-validation-error']]</div>
							<div class='pre'>passed</div>
					</li>
				</ul>
		</li>
		<li test-id='99' class='node scenario pass' status='pass'>
			
			<b>Scenario</b>
			
			<span class="bdd-step-name">Verify error message when user tries to register account without entering first name</span>
			
				<ul class='steps'>
					<li test-id='100' class='node given pass' status='pass'><b>Given</b>
						<span class="bdd-step-name">Given I am on Home page</span>
							<div class='pre'>I am on Home Page</div>
							<div class='pre'>passed</div>
					</li>
					<li test-id='101' class='node when pass' status='pass'><b>When</b>
						<span class="bdd-step-name">When I click on Register Link</span>
							<div class='pre'>cliking on registration link[[ChromeDriver: chrome on WINDOWS (c894c7314539643044f6dddbedc388f0)] -> xpath: //div[@class='header-links-wrapper']//a[contains(text(),'Register')]]<br></div>
							<div class='pre'>passed</div>
					</li>
					<li test-id='102' class='node and pass' status='pass'><b>And</b>
						<span class="bdd-step-name">And I enter last name "Shukla"</span>
							<div class='pre'>enter lastnameShuklato the field[[ChromeDriver: chrome on WINDOWS (c894c7314539643044f6dddbedc388f0)] -> xpath: //input[@id='LastName']]<br></div>
							<div class='pre'>passed</div>
					</li>
					<li test-id='103' class='node and pass' status='pass'><b>And</b>
						<span class="bdd-step-name">And I enter day "29"</span>
							<div class='pre'>select day[[ChromeDriver: chrome on WINDOWS (c894c7314539643044f6dddbedc388f0)] -> xpath: //select[@name='DateOfBirthDay']]<br></div>
							<div class='pre'>passed</div>
					</li>
					<li test-id='104' class='node and pass' status='pass'><b>And</b>
						<span class="bdd-step-name">And I enter month "November"</span>
							<div class='pre'>select month[[ChromeDriver: chrome on WINDOWS (c894c7314539643044f6dddbedc388f0)] -> xpath: //select[@name='DateOfBirthMonth']]<br></div>
							<div class='pre'>passed</div>
					</li>
					<li test-id='105' class='node and pass' status='pass'><b>And</b>
						<span class="bdd-step-name">And I enter year "2006"</span>
							<div class='pre'>selecct year[[ChromeDriver: chrome on WINDOWS (c894c7314539643044f6dddbedc388f0)] -> xpath: //select[@name='DateOfBirthYear']]<br></div>
							<div class='pre'>passed</div>
					</li>
					<li test-id='106' class='node and pass' status='pass'><b>And</b>
						<span class="bdd-step-name">And I enter email address "arjun@gmail.com"</span>
							<div class='pre'>enter emailarjun@gmail.comto email filed[[ChromeDriver: chrome on WINDOWS (c894c7314539643044f6dddbedc388f0)] -> xpath: //input[@id='Email']]<br></div>
							<div class='pre'>passed</div>
					</li>
					<li test-id='107' class='node and pass' status='pass'><b>And</b>
						<span class="bdd-step-name">And I enter company name "jal"</span>
							<div class='pre'>enter comapny namejalto company field[[ChromeDriver: chrome on WINDOWS (c894c7314539643044f6dddbedc388f0)] -> xpath: //input[@id='Company']]<br></div>
							<div class='pre'>passed</div>
					</li>
					<li test-id='108' class='node and pass' status='pass'><b>And</b>
						<span class="bdd-step-name">And I enter register password "bajud"</span>
							<div class='pre'>enter passwordbajudto field[[ChromeDriver: chrome on WINDOWS (c894c7314539643044f6dddbedc388f0)] -> xpath: //input[@id='Password']]<br></div>
							<div class='pre'>passed</div>
					</li>
					<li test-id='109' class='node and pass' status='pass'><b>And</b>
						<span class="bdd-step-name">And I enter register confirm password "bajud"</span>
							<div class='pre'>enter confirm passwrodbajudto the field[[ChromeDriver: chrome on WINDOWS (c894c7314539643044f6dddbedc388f0)] -> xpath: //input[@id='ConfirmPassword']]<br></div>
							<div class='pre'>passed</div>
					</li>
					<li test-id='110' class='node and pass' status='pass'><b>And</b>
						<span class="bdd-step-name">And I click on Register button</span>
							<div class='pre'>click on register[[ChromeDriver: chrome on WINDOWS (c894c7314539643044f6dddbedc388f0)] -> xpath: //input[@id='register-button']]<br></div>
							<div class='pre'>passed</div>
					</li>
					<li test-id='111' class='node then pass' status='pass'><b>Then</b>
						<span class="bdd-step-name">Then I should see the error message "First name is required."</span>
							<div class='pre'>Verify text: First name is required. when * marked mandatory fields are left empty [[ChromeDriver: chrome on WINDOWS (c894c7314539643044f6dddbedc388f0)] -> xpath: //span[@class='field-validation-error']]</div>
							<div class='pre'>passed</div>
					</li>
				</ul>
		</li>
		<li test-id='112' class='node scenario pass' status='pass'>
			
			<b>Scenario</b>
			
			<span class="bdd-step-name">Verify error message when user tries to register account without entering first name</span>
			
				<ul class='steps'>
					<li test-id='113' class='node given pass' status='pass'><b>Given</b>
						<span class="bdd-step-name">Given I am on Home page</span>
							<div class='pre'>I am on Home Page</div>
							<div class='pre'>passed</div>
					</li>
					<li test-id='114' class='node when pass' status='pass'><b>When</b>
						<span class="bdd-step-name">When I click on Register Link</span>
							<div class='pre'>cliking on registration link[[ChromeDriver: chrome on WINDOWS (0af3aa453529b45a6086f6080a23b1c8)] -> xpath: //div[@class='header-links-wrapper']//a[contains(text(),'Register')]]<br></div>
							<div class='pre'>passed</div>
					</li>
					<li test-id='115' class='node and pass' status='pass'><b>And</b>
						<span class="bdd-step-name">And I enter last name "Sharma"</span>
							<div class='pre'>enter lastnameSharmato the field[[ChromeDriver: chrome on WINDOWS (0af3aa453529b45a6086f6080a23b1c8)] -> xpath: //input[@id='LastName']]<br></div>
							<div class='pre'>passed</div>
					</li>
					<li test-id='116' class='node and pass' status='pass'><b>And</b>
						<span class="bdd-step-name">And I enter day "5"</span>
							<div class='pre'>select day[[ChromeDriver: chrome on WINDOWS (0af3aa453529b45a6086f6080a23b1c8)] -> xpath: //select[@name='DateOfBirthDay']]<br></div>
							<div class='pre'>passed</div>
					</li>
					<li test-id='117' class='node and pass' status='pass'><b>And</b>
						<span class="bdd-step-name">And I enter month "February"</span>
							<div class='pre'>select month[[ChromeDriver: chrome on WINDOWS (0af3aa453529b45a6086f6080a23b1c8)] -> xpath: //select[@name='DateOfBirthMonth']]<br></div>
							<div class='pre'>passed</div>
					</li>
					<li test-id='118' class='node and pass' status='pass'><b>And</b>
						<span class="bdd-step-name">And I enter year "2007"</span>
							<div class='pre'>selecct year[[ChromeDriver: chrome on WINDOWS (0af3aa453529b45a6086f6080a23b1c8)] -> xpath: //select[@name='DateOfBirthYear']]<br></div>
							<div class='pre'>passed</div>
					</li>
					<li test-id='119' class='node and pass' status='pass'><b>And</b>
						<span class="bdd-step-name">And I enter email address "nakul@gmail.com"</span>
							<div class='pre'>enter emailnakul@gmail.comto email filed[[ChromeDriver: chrome on WINDOWS (0af3aa453529b45a6086f6080a23b1c8)] -> xpath: //input[@id='Email']]<br></div>
							<div class='pre'>passed</div>
					</li>
					<li test-id='120' class='node and pass' status='pass'><b>And</b>
						<span class="bdd-step-name">And I enter company name "Akash"</span>
							<div class='pre'>enter comapny nameAkashto company field[[ChromeDriver: chrome on WINDOWS (0af3aa453529b45a6086f6080a23b1c8)] -> xpath: //input[@id='Company']]<br></div>
							<div class='pre'>passed</div>
					</li>
					<li test-id='121' class='node and pass' status='pass'><b>And</b>
						<span class="bdd-step-name">And I enter register password "vartej"</span>
							<div class='pre'>enter passwordvartejto field[[ChromeDriver: chrome on WINDOWS (0af3aa453529b45a6086f6080a23b1c8)] -> xpath: //input[@id='Password']]<br></div>
							<div class='pre'>passed</div>
					</li>
					<li test-id='122' class='node and pass' status='pass'><b>And</b>
						<span class="bdd-step-name">And I enter register confirm password "vartej"</span>
							<div class='pre'>enter confirm passwrodvartejto the field[[ChromeDriver: chrome on WINDOWS (0af3aa453529b45a6086f6080a23b1c8)] -> xpath: //input[@id='ConfirmPassword']]<br></div>
							<div class='pre'>passed</div>
					</li>
					<li test-id='123' class='node and pass' status='pass'><b>And</b>
						<span class="bdd-step-name">And I click on Register button</span>
							<div class='pre'>click on register[[ChromeDriver: chrome on WINDOWS (0af3aa453529b45a6086f6080a23b1c8)] -> xpath: //input[@id='register-button']]<br></div>
							<div class='pre'>passed</div>
					</li>
					<li test-id='124' class='node then pass' status='pass'><b>Then</b>
						<span class="bdd-step-name">Then I should see the error message "First name is required."</span>
							<div class='pre'>Verify text: First name is required. when * marked mandatory fields are left empty [[ChromeDriver: chrome on WINDOWS (0af3aa453529b45a6086f6080a23b1c8)] -> xpath: //span[@class='field-validation-error']]</div>
							<div class='pre'>passed</div>
					</li>
				</ul>
		</li>
		<li test-id='125' class='node scenario pass' status='pass'>
			
			<b>Scenario</b>
			
			<span class="bdd-step-name">Verify error message when user tries to register account without entering first name</span>
			
				<ul class='steps'>
					<li test-id='126' class='node given pass' status='pass'><b>Given</b>
						<span class="bdd-step-name">Given I am on Home page</span>
							<div class='pre'>I am on Home Page</div>
							<div class='pre'>passed</div>
					</li>
					<li test-id='127' class='node when pass' status='pass'><b>When</b>
						<span class="bdd-step-name">When I click on Register Link</span>
							<div class='pre'>cliking on registration link[[ChromeDriver: chrome on WINDOWS (54343f533036d298b32825fff22d8b17)] -> xpath: //div[@class='header-links-wrapper']//a[contains(text(),'Register')]]<br></div>
							<div class='pre'>passed</div>
					</li>
					<li test-id='128' class='node and pass' status='pass'><b>And</b>
						<span class="bdd-step-name">And I enter last name "Suchak"</span>
							<div class='pre'>enter lastnameSuchakto the field[[ChromeDriver: chrome on WINDOWS (54343f533036d298b32825fff22d8b17)] -> xpath: //input[@id='LastName']]<br></div>
							<div class='pre'>passed</div>
					</li>
					<li test-id='129' class='node and pass' status='pass'><b>And</b>
						<span class="bdd-step-name">And I enter day "5"</span>
							<div class='pre'>select day[[ChromeDriver: chrome on WINDOWS (54343f533036d298b32825fff22d8b17)] -> xpath: //select[@name='DateOfBirthDay']]<br></div>
							<div class='pre'>passed</div>
					</li>
					<li test-id='130' class='node and pass' status='pass'><b>And</b>
						<span class="bdd-step-name">And I enter month "February"</span>
							<div class='pre'>select month[[ChromeDriver: chrome on WINDOWS (54343f533036d298b32825fff22d8b17)] -> xpath: //select[@name='DateOfBirthMonth']]<br></div>
							<div class='pre'>passed</div>
					</li>
					<li test-id='131' class='node and pass' status='pass'><b>And</b>
						<span class="bdd-step-name">And I enter year "2007"</span>
							<div class='pre'>selecct year[[ChromeDriver: chrome on WINDOWS (54343f533036d298b32825fff22d8b17)] -> xpath: //select[@name='DateOfBirthYear']]<br></div>
							<div class='pre'>passed</div>
					</li>
					<li test-id='132' class='node and pass' status='pass'><b>And</b>
						<span class="bdd-step-name">And I enter email address "sahdev@gmail.com"</span>
							<div class='pre'>enter emailsahdev@gmail.comto email filed[[ChromeDriver: chrome on WINDOWS (54343f533036d298b32825fff22d8b17)] -> xpath: //input[@id='Email']]<br></div>
							<div class='pre'>passed</div>
					</li>
					<li test-id='133' class='node and pass' status='pass'><b>And</b>
						<span class="bdd-step-name">And I enter company name "Dharti"</span>
							<div class='pre'>enter comapny nameDhartito company field[[ChromeDriver: chrome on WINDOWS (54343f533036d298b32825fff22d8b17)] -> xpath: //input[@id='Company']]<br></div>
							<div class='pre'>passed</div>
					</li>
					<li test-id='134' class='node and pass' status='pass'><b>And</b>
						<span class="bdd-step-name">And I enter register password "shihor"</span>
							<div class='pre'>enter passwordshihorto field[[ChromeDriver: chrome on WINDOWS (54343f533036d298b32825fff22d8b17)] -> xpath: //input[@id='Password']]<br></div>
							<div class='pre'>passed</div>
					</li>
					<li test-id='135' class='node and pass' status='pass'><b>And</b>
						<span class="bdd-step-name">And I enter register confirm password "shihor"</span>
							<div class='pre'>enter confirm passwrodshihorto the field[[ChromeDriver: chrome on WINDOWS (54343f533036d298b32825fff22d8b17)] -> xpath: //input[@id='ConfirmPassword']]<br></div>
							<div class='pre'>passed</div>
					</li>
					<li test-id='136' class='node and pass' status='pass'><b>And</b>
						<span class="bdd-step-name">And I click on Register button</span>
							<div class='pre'>click on register[[ChromeDriver: chrome on WINDOWS (54343f533036d298b32825fff22d8b17)] -> xpath: //input[@id='register-button']]<br></div>
							<div class='pre'>passed</div>
					</li>
					<li test-id='137' class='node then pass' status='pass'><b>Then</b>
						<span class="bdd-step-name">Then I should see the error message "First name is required."</span>
							<div class='pre'>Verify text: First name is required. when * marked mandatory fields are left empty [[ChromeDriver: chrome on WINDOWS (54343f533036d298b32825fff22d8b17)] -> xpath: //span[@class='field-validation-error']]</div>
							<div class='pre'>passed</div>
					</li>
				</ul>
		</li>
	</ul>
</div>
					</div>
				</li>
			</ul>
		</div>
	</div>
	<!-- subview left -->

	<div class='subview-right left'>
		<div class='view-summary'>
			<h5 class='test-name'></h5>

			<div id='step-filters' class="right">
				<span class="blue-text" status="info" alt="info" title="info"><i class="material-icons">info_outline</i></span>
				<span class="green-text" status="pass" alt="pass" title="pass"><i class="material-icons">check_circle</i></span>
				<span class="red-text" status="fail" alt="fail" title="fail"><i class="material-icons">cancel</i></span>
				<span class="red-text text-darken-4" status="fatal" alt="fatal" title="fatal"><i class="material-icons">cancel</i></span>
				<span class="pink-text text-lighten-1" status="error" alt="error" title="error"><i class="material-icons">error</i></span>
				<span class="orange-text" alt="warning" status="warning" title="warning"><i class="material-icons">warning</i></span>
				<span class="teal-text" status="skip" alt="skip" title="skip"><i class="material-icons">redo</i></span>
				<span status="clear" alt="Clear filters" title="Clear filters"><i class="material-icons">clear</i></span>
			</div>
		</div>
	</div>
	<!-- subview right -->

</div>
<!-- test view -->
<!-- category view -->
<div id='author-view' class='view hide'>
    <section id='controls'>
        <div class='controls grey lighten-4'>
            <!-- search -->
            <div class='chip transparent' alt='Search Authors' title='Search Authors'>
                <a href="#" class='search-div'>
                    <i class='material-icons'>search</i> Search
                </a>

                <div class='input-field left hide'>
                    <input id='search-tests' type='text' class='validate browser-default' placeholder='Search Authors...'>
                </div>

            </div>
            <!-- search -->
        </div>
    </section>

    <div class='subview-left left'>

        <div class='view-summary'>
            <h5>Authors</h5>
                <ul id='author-collection' class='author-collection'>

                        <li class='author displayed active'>
                            <div class='author-heading'>
                                <span class='author-name'>Primegroupstudy</span>
                                <span class='author-status right'>
                                        <span class='label pass'>12</span>
                                        <span class='label fail'>4</span>
						        </span>
                            </div>
                            <div class='author-content hide'>
                                <div class='author-status-counts'>
                                    <span class='label green accent-4 white-text'>Passed: 12</span>
                                    <span class='label red lighten-1 white-text'>Failed: 4</span>
                                    
                                </div>

                                <div class='author-tests'>
                                    <table class='bordered table-results'>
                                        <thead>
                                        <tr>
                                            <th>Timestamp</th>
                                            <th>TestName</th>
                                            <th>Status</th>
                                        </tr>
                                        </thead>
                                        <tbody>
                                            <tr>
                                                <td>Apr 29, 2020 10:36:12 PM</td>
                                                <td class='linked' test-id='2'>Book Feature.User should navigate to Book page successfully</td>
                                                <td><span class='test-status pass'>pass</span></td>
                                            </tr>
                                            <tr>
                                                <td>Apr 29, 2020 10:37:31 PM</td>
                                                <td class='linked' test-id='6'>Book Feature.User should see results on Book page sorted by AtoZ</td>
                                                <td><span class='test-status pass'>pass</span></td>
                                            </tr>
                                            <tr>
                                                <td>Apr 29, 2020 10:37:53 PM</td>
                                                <td class='linked' test-id='11'>Book Feature.User should see prices on Books page sorted by LowToHigh</td>
                                                <td><span class='test-status pass'>pass</span></td>
                                            </tr>
                                            <tr>
                                                <td>Apr 29, 2020 10:39:03 PM</td>
                                                <td class='linked' test-id='17'>Computer feature.As a user I want to navigate to computer page successfully</td>
                                                <td><span class='test-status pass'>pass</span></td>
                                            </tr>
                                            <tr>
                                                <td>Apr 29, 2020 10:39:20 PM</td>
                                                <td class='linked' test-id='21'>Computer feature.As a user I want to select Build my own Computer product successfully</td>
                                                <td><span class='test-status fail'>fail</span></td>
                                            </tr>
                                            <tr>
                                                <td>Apr 29, 2020 10:39:57 PM</td>
                                                <td class='linked' test-id='31'>Login Feature.User should navigate to Login page successfully</td>
                                                <td><span class='test-status pass'>pass</span></td>
                                            </tr>
                                            <tr>
                                                <td>Apr 29, 2020 10:40:22 PM</td>
                                                <td class='linked' test-id='35'>Login Feature.User should Login successfully with valid credentials</td>
                                                <td><span class='test-status pass'>pass</span></td>
                                            </tr>
                                            <tr>
                                                <td>Apr 29, 2020 10:40:50 PM</td>
                                                <td class='linked' test-id='43'>Login Feature.User should Login successfully with valid credentials.User should Login successfully with valid credentials</td>
                                                <td><span class='test-status fail'>fail</span></td>
                                            </tr>
                                            <tr>
                                                <td>Apr 29, 2020 10:42:01 PM</td>
                                                <td class='linked' test-id='50'>Login Feature.User should Login successfully with valid credentials.User should Login successfully with valid credentials</td>
                                                <td><span class='test-status pass'>pass</span></td>
                                            </tr>
                                            <tr>
                                                <td>Apr 29, 2020 10:42:30 PM</td>
                                                <td class='linked' test-id='57'>Login Feature.User should Login successfully with valid credentials.User should Login successfully with valid credentials</td>
                                                <td><span class='test-status fail'>fail</span></td>
                                            </tr>
                                            <tr>
                                                <td>Apr 29, 2020 10:43:18 PM</td>
                                                <td class='linked' test-id='64'>Login Feature.User should Login successfully with valid credentials.User should Login successfully with valid credentials</td>
                                                <td><span class='test-status fail'>fail</span></td>
                                            </tr>
                                            <tr>
                                                <td>Apr 29, 2020 10:44:07 PM</td>
                                                <td class='linked' test-id='73'>Registration Feature.Verify error message when user tries to register account without entering first name.Verify error message when user tries to register account without entering first name</td>
                                                <td><span class='test-status pass'>pass</span></td>
                                            </tr>
                                            <tr>
                                                <td>Apr 29, 2020 10:44:27 PM</td>
                                                <td class='linked' test-id='86'>Registration Feature.Verify error message when user tries to register account without entering first name.Verify error message when user tries to register account without entering first name</td>
                                                <td><span class='test-status pass'>pass</span></td>
                                            </tr>
                                            <tr>
                                                <td>Apr 29, 2020 10:44:46 PM</td>
                                                <td class='linked' test-id='99'>Registration Feature.Verify error message when user tries to register account without entering first name.Verify error message when user tries to register account without entering first name</td>
                                                <td><span class='test-status pass'>pass</span></td>
                                            </tr>
                                            <tr>
                                                <td>Apr 29, 2020 10:45:04 PM</td>
                                                <td class='linked' test-id='112'>Registration Feature.Verify error message when user tries to register account without entering first name.Verify error message when user tries to register account without entering first name</td>
                                                <td><span class='test-status pass'>pass</span></td>
                                            </tr>
                                            <tr>
                                                <td>Apr 29, 2020 10:45:21 PM</td>
                                                <td class='linked' test-id='125'>Registration Feature.Verify error message when user tries to register account without entering first name.Verify error message when user tries to register account without entering first name</td>
                                                <td><span class='test-status pass'>pass</span></td>
                                            </tr>
                                        </tbody>
                                    </table>
                                </div>
                            </div>
                        </li>
                        <li class='author displayed active'>
                            <div class='author-heading'>
                                <span class='author-name'>RM</span>
                                <span class='author-status right'>
                                        <span class='label pass'>12</span>
                                        <span class='label fail'>4</span>
						        </span>
                            </div>
                            <div class='author-content hide'>
                                <div class='author-status-counts'>
                                    <span class='label green accent-4 white-text'>Passed: 12</span>
                                    <span class='label red lighten-1 white-text'>Failed: 4</span>
                                    
                                </div>

                                <div class='author-tests'>
                                    <table class='bordered table-results'>
                                        <thead>
                                        <tr>
                                            <th>Timestamp</th>
                                            <th>TestName</th>
                                            <th>Status</th>
                                        </tr>
                                        </thead>
                                        <tbody>
                                            <tr>
                                                <td>Apr 29, 2020 10:36:12 PM</td>
                                                <td class='linked' test-id='2'>Book Feature.User should navigate to Book page successfully</td>
                                                <td><span class='test-status pass'>pass</span></td>
                                            </tr>
                                            <tr>
                                                <td>Apr 29, 2020 10:37:31 PM</td>
                                                <td class='linked' test-id='6'>Book Feature.User should see results on Book page sorted by AtoZ</td>
                                                <td><span class='test-status pass'>pass</span></td>
                                            </tr>
                                            <tr>
                                                <td>Apr 29, 2020 10:37:53 PM</td>
                                                <td class='linked' test-id='11'>Book Feature.User should see prices on Books page sorted by LowToHigh</td>
                                                <td><span class='test-status pass'>pass</span></td>
                                            </tr>
                                            <tr>
                                                <td>Apr 29, 2020 10:39:03 PM</td>
                                                <td class='linked' test-id='17'>Computer feature.As a user I want to navigate to computer page successfully</td>
                                                <td><span class='test-status pass'>pass</span></td>
                                            </tr>
                                            <tr>
                                                <td>Apr 29, 2020 10:39:20 PM</td>
                                                <td class='linked' test-id='21'>Computer feature.As a user I want to select Build my own Computer product successfully</td>
                                                <td><span class='test-status fail'>fail</span></td>
                                            </tr>
                                            <tr>
                                                <td>Apr 29, 2020 10:39:57 PM</td>
                                                <td class='linked' test-id='31'>Login Feature.User should navigate to Login page successfully</td>
                                                <td><span class='test-status pass'>pass</span></td>
                                            </tr>
                                            <tr>
                                                <td>Apr 29, 2020 10:40:22 PM</td>
                                                <td class='linked' test-id='35'>Login Feature.User should Login successfully with valid credentials</td>
                                                <td><span class='test-status pass'>pass</span></td>
                                            </tr>
                                            <tr>
                                                <td>Apr 29, 2020 10:40:50 PM</td>
                                                <td class='linked' test-id='43'>Login Feature.User should Login successfully with valid credentials.User should Login successfully with valid credentials</td>
                                                <td><span class='test-status fail'>fail</span></td>
                                            </tr>
                                            <tr>
                                                <td>Apr 29, 2020 10:42:01 PM</td>
                                                <td class='linked' test-id='50'>Login Feature.User should Login successfully with valid credentials.User should Login successfully with valid credentials</td>
                                                <td><span class='test-status pass'>pass</span></td>
                                            </tr>
                                            <tr>
                                                <td>Apr 29, 2020 10:42:30 PM</td>
                                                <td class='linked' test-id='57'>Login Feature.User should Login successfully with valid credentials.User should Login successfully with valid credentials</td>
                                                <td><span class='test-status fail'>fail</span></td>
                                            </tr>
                                            <tr>
                                                <td>Apr 29, 2020 10:43:18 PM</td>
                                                <td class='linked' test-id='64'>Login Feature.User should Login successfully with valid credentials.User should Login successfully with valid credentials</td>
                                                <td><span class='test-status fail'>fail</span></td>
                                            </tr>
                                            <tr>
                                                <td>Apr 29, 2020 10:44:07 PM</td>
                                                <td class='linked' test-id='73'>Registration Feature.Verify error message when user tries to register account without entering first name.Verify error message when user tries to register account without entering first name</td>
                                                <td><span class='test-status pass'>pass</span></td>
                                            </tr>
                                            <tr>
                                                <td>Apr 29, 2020 10:44:27 PM</td>
                                                <td class='linked' test-id='86'>Registration Feature.Verify error message when user tries to register account without entering first name.Verify error message when user tries to register account without entering first name</td>
                                                <td><span class='test-status pass'>pass</span></td>
                                            </tr>
                                            <tr>
                                                <td>Apr 29, 2020 10:44:46 PM</td>
                                                <td class='linked' test-id='99'>Registration Feature.Verify error message when user tries to register account without entering first name.Verify error message when user tries to register account without entering first name</td>
                                                <td><span class='test-status pass'>pass</span></td>
                                            </tr>
                                            <tr>
                                                <td>Apr 29, 2020 10:45:04 PM</td>
                                                <td class='linked' test-id='112'>Registration Feature.Verify error message when user tries to register account without entering first name.Verify error message when user tries to register account without entering first name</td>
                                                <td><span class='test-status pass'>pass</span></td>
                                            </tr>
                                            <tr>
                                                <td>Apr 29, 2020 10:45:21 PM</td>
                                                <td class='linked' test-id='125'>Registration Feature.Verify error message when user tries to register account without entering first name.Verify error message when user tries to register account without entering first name</td>
                                                <td><span class='test-status pass'>pass</span></td>
                                            </tr>
                                        </tbody>
                                    </table>
                                </div>
                            </div>
                        </li>

                </ul>
        </div>
    </div>

    <div class='subview-right left'>
        <div class='view-summary'>
            <h5 class='author-name'></h5>
        </div>
    </div>
</div>
<div id='exception-view' class='view hide'>

    <section id='controls'>
        <div class='controls grey lighten-4'>
            <!-- search -->
            <div class='chip transparent' alt='Search Tests' title='Search Tests'>
                <a href="#" class='search-div'>
                    <i class='material-icons'>search</i> Search
                </a>

                <div class='input-field left hide'>
                    <input id='search-tests' type='text' class='validate browser-default' placeholder='Search Tests...'>
                </div>

            </div>
            <!-- search -->
        </div>
    </section>

    <div class='subview-left left'>

        <div class='view-summary'>
            <h5>Exceptions</h3>
                <ul id='exception-collection' class='exception-collection'>

                        <li class='exception displayed active'>
                            <div class='exception-heading'>
                                <span class='exception-name'>org.openqa.selenium.NoSuchElementException</span>
                                <span class='exception-count right'><span class='label red lighten-1 white-text'>1</span></span>
                            </div>
                            <div class='exception-content hide'>
                                <div class='exception-tests'>
                                    <table class='bordered table-results'>
                                        <thead>
                                        <tr>
                                            <th>Timestamp</th>
                                            <th>TestName</th>
                                            <th>Status</th>
                                        </tr>
                                        </thead>
                                        <tbody>
                                                    <tr>
                                                        <td>Apr 29, 2020 10:39:35 PM</td>
                                                        <td class='linked' test-id='26'>Computer feature.As a user I want to select Build my own Computer product successfully.And I select build your own computer</td>
                                                        <td><pre><pre>org.openqa.selenium.NoSuchElementException: no such element: Unable to locate element: {"method":"xpath","selector":"//a[contains(text(),'Build your own computer')]"}
  (Session info: chrome=81.0.4044.122)
For documentation on this error, please visit: https://www.seleniumhq.org/exceptions/no_such_element.html
Build info: version: '3.141.59', revision: 'e82be7d358', time: '2018-11-14T08:17:03'
System info: host: 'DESKTOP-59P8T20', ip: '192.168.43.144', os.name: 'Windows 10', os.arch: 'amd64', os.version: '10.0', java.version: '1.8.0_121'
Driver info: org.openqa.selenium.chrome.ChromeDriver
Capabilities {acceptInsecureCerts: false, browserName: chrome, browserVersion: 81.0.4044.122, chrome: {chromedriverVersion: 80.0.3987.106 (f68069574609..., userDataDir: C:\Users\HP\AppData\Local\T...}, goog:chromeOptions: {debuggerAddress: localhost:53973}, javascriptEnabled: true, networkConnectionEnabled: false, pageLoadStrategy: normal, platform: WINDOWS, platformName: WINDOWS, proxy: Proxy(), setWindowRect: true, strictFileInteractability: false, timeouts: {implicit: 0, pageLoad: 300000, script: 30000}, unhandledPromptBehavior: dismiss and notify}
Session ID: f3bcfda67c96c0997d0b8de9851f64dd
*** Element info: {Using=xpath, value=//a[contains(text(),'Build your own computer')]}
	at sun.reflect.NativeConstructorAccessorImpl.newInstance0(Native Method)
	at sun.reflect.NativeConstructorAccessorImpl.newInstance(NativeConstructorAccessorImpl.java:62)
	at sun.reflect.DelegatingConstructorAccessorImpl.newInstance(DelegatingConstructorAccessorImpl.java:45)
	at java.lang.reflect.Constructor.newInstance(Constructor.java:423)
	at org.openqa.selenium.remote.http.W3CHttpResponseCodec.createException(W3CHttpResponseCodec.java:187)
	at org.openqa.selenium.remote.http.W3CHttpResponseCodec.decode(W3CHttpResponseCodec.java:122)
	at org.openqa.selenium.remote.http.W3CHttpResponseCodec.decode(W3CHttpResponseCodec.java:49)
	at org.openqa.selenium.remote.HttpCommandExecutor.execute(HttpCommandExecutor.java:158)
	at org.openqa.selenium.remote.service.DriverCommandExecutor.execute(DriverCommandExecutor.java:83)
	at org.openqa.selenium.remote.RemoteWebDriver.execute(RemoteWebDriver.java:552)
	at org.openqa.selenium.remote.RemoteWebDriver.findElement(RemoteWebDriver.java:323)
	at org.openqa.selenium.remote.RemoteWebDriver.findElementByXPath(RemoteWebDriver.java:428)
	at org.openqa.selenium.By$ByXPath.findElement(By.java:353)
	at org.openqa.selenium.remote.RemoteWebDriver.findElement(RemoteWebDriver.java:315)
	at org.openqa.selenium.support.pagefactory.DefaultElementLocator.findElement(DefaultElementLocator.java:69)
	at org.openqa.selenium.support.pagefactory.internal.LocatingElementHandler.invoke(LocatingElementHandler.java:38)
	at com.sun.proxy.$Proxy19.click(Unknown Source)
	at com.demo.nopcom.utility.UtilityRM.clickOnElement(UtilityRM.java:38)
	at com.demo.nopcom.pages.DesktopPage.clickOnBuildOnYourComputer(DesktopPage.java:23)
	at com.demo.nopcom.cucumber.stepdefs.ComputerSteps.iSelectBuildYourOwnComputer(ComputerSteps.java:36)
	at ✽.And I select build your own computer(src/test/java/com/demo/nopcom/resources/featurefiles/computer.feature:15)
</pre></pre></td>
                                                    </tr>
                                        </tbody>
                                    </table>
                                </div>
                            </div>
                        </li>
                        <li class='exception displayed active'>
                            <div class='exception-heading'>
                                <span class='exception-name'>org.openqa.selenium.TimeoutException</span>
                                <span class='exception-count right'><span class='label red lighten-1 white-text'>3</span></span>
                            </div>
                            <div class='exception-content hide'>
                                <div class='exception-tests'>
                                    <table class='bordered table-results'>
                                        <thead>
                                        <tr>
                                            <th>Timestamp</th>
                                            <th>TestName</th>
                                            <th>Status</th>
                                        </tr>
                                        </thead>
                                        <tbody>
                                                    <tr>
                                                        <td>Apr 29, 2020 10:41:29 PM</td>
                                                        <td class='linked' test-id='49'>Login Feature.User should Login successfully with valid credentials.User should Login successfully with valid credentials.Then I should Login successfully</td>
                                                        <td><pre><pre>org.openqa.selenium.TimeoutException: Expected condition failed: waiting for element to be clickable: Proxy element for: DefaultElementLocator 'By.xpath: //a[@class='ico-account']' (tried for 20 second(s) with 500 milliseconds interval)
	at org.openqa.selenium.support.ui.WebDriverWait.timeoutException(WebDriverWait.java:95)
	at org.openqa.selenium.support.ui.FluentWait.until(FluentWait.java:272)
	at com.demo.nopcom.utility.UtilityRM.waitUntilElementToBeClickable(UtilityRM.java:365)
	at com.demo.nopcom.pages.AccountPage.verifyMyAccountText(AccountPage.java:22)
	at com.demo.nopcom.cucumber.stepdefs.MyStepdefs.iShouldLoginSuccessfully(MyStepdefs.java:52)
	at ✽.Then I should Login successfully(src/test/java/com/demo/nopcom/resources/featurefiles/login.feature:24)
Caused by: org.openqa.selenium.NoSuchElementException: no such element: Unable to locate element: {"method":"xpath","selector":"//a[@class='ico-account']"}
  (Session info: chrome=81.0.4044.122)
For documentation on this error, please visit: https://www.seleniumhq.org/exceptions/no_such_element.html
Build info: version: '3.141.59', revision: 'e82be7d358', time: '2018-11-14T08:17:03'
System info: host: 'DESKTOP-59P8T20', ip: '192.168.43.144', os.name: 'Windows 10', os.arch: 'amd64', os.version: '10.0', java.version: '1.8.0_121'
Driver info: org.openqa.selenium.chrome.ChromeDriver
Capabilities {acceptInsecureCerts: false, browserName: chrome, browserVersion: 81.0.4044.122, chrome: {chromedriverVersion: 80.0.3987.106 (f68069574609..., userDataDir: C:\Users\HP\AppData\Local\T...}, goog:chromeOptions: {debuggerAddress: localhost:54049}, javascriptEnabled: true, networkConnectionEnabled: false, pageLoadStrategy: normal, platform: WINDOWS, platformName: WINDOWS, proxy: Proxy(), setWindowRect: true, strictFileInteractability: false, timeouts: {implicit: 0, pageLoad: 300000, script: 30000}, unhandledPromptBehavior: dismiss and notify}
Session ID: 00b114f43ee59829fdad04a42c098283
*** Element info: {Using=xpath, value=//a[@class='ico-account']}
	at sun.reflect.NativeConstructorAccessorImpl.newInstance0(Native Method)
	at sun.reflect.NativeConstructorAccessorImpl.newInstance(NativeConstructorAccessorImpl.java:62)
	at sun.reflect.DelegatingConstructorAccessorImpl.newInstance(DelegatingConstructorAccessorImpl.java:45)
	at java.lang.reflect.Constructor.newInstance(Constructor.java:423)
	at org.openqa.selenium.remote.http.W3CHttpResponseCodec.createException(W3CHttpResponseCodec.java:187)
	at org.openqa.selenium.remote.http.W3CHttpResponseCodec.decode(W3CHttpResponseCodec.java:122)
	at org.openqa.selenium.remote.http.W3CHttpResponseCodec.decode(W3CHttpResponseCodec.java:49)
	at org.openqa.selenium.remote.HttpCommandExecutor.execute(HttpCommandExecutor.java:158)
	at org.openqa.selenium.remote.service.DriverCommandExecutor.execute(DriverCommandExecutor.java:83)
	at org.openqa.selenium.remote.RemoteWebDriver.execute(RemoteWebDriver.java:552)
	at org.openqa.selenium.remote.RemoteWebDriver.findElement(RemoteWebDriver.java:323)
	at org.openqa.selenium.remote.RemoteWebDriver.findElementByXPath(RemoteWebDriver.java:428)
	at org.openqa.selenium.By$ByXPath.findElement(By.java:353)
	at org.openqa.selenium.remote.RemoteWebDriver.findElement(RemoteWebDriver.java:315)
	at org.openqa.selenium.support.pagefactory.DefaultElementLocator.findElement(DefaultElementLocator.java:69)
	at org.openqa.selenium.support.pagefactory.internal.LocatingElementHandler.invoke(LocatingElementHandler.java:38)
	at com.sun.proxy.$Proxy19.isDisplayed(Unknown Source)
	at org.openqa.selenium.support.ui.ExpectedConditions.elementIfVisible(ExpectedConditions.java:314)
	at org.openqa.selenium.support.ui.ExpectedConditions.access$000(ExpectedConditions.java:43)
	at org.openqa.selenium.support.ui.ExpectedConditions$10.apply(ExpectedConditions.java:300)
	at org.openqa.selenium.support.ui.ExpectedConditions$10.apply(ExpectedConditions.java:297)
	at org.openqa.selenium.support.ui.ExpectedConditions$23.apply(ExpectedConditions.java:670)
	at org.openqa.selenium.support.ui.ExpectedConditions$23.apply(ExpectedConditions.java:666)
	at org.openqa.selenium.support.ui.FluentWait.until(FluentWait.java:249)
	at com.demo.nopcom.utility.UtilityRM.waitUntilElementToBeClickable(UtilityRM.java:365)
	at com.demo.nopcom.pages.AccountPage.verifyMyAccountText(AccountPage.java:22)
	at com.demo.nopcom.cucumber.stepdefs.MyStepdefs.iShouldLoginSuccessfully(MyStepdefs.java:52)
	at sun.reflect.NativeMethodAccessorImpl.invoke0(Native Method)
	at sun.reflect.NativeMethodAccessorImpl.invoke(NativeMethodAccessorImpl.java:62)
	at sun.reflect.DelegatingMethodAccessorImpl.invoke(DelegatingMethodAccessorImpl.java:43)
	at java.lang.reflect.Method.invoke(Method.java:498)
	at cucumber.runtime.Utils$1.call(Utils.java:40)
	at cucumber.runtime.Timeout.timeout(Timeout.java:16)
	at cucumber.runtime.Utils.invoke(Utils.java:34)
	at cucumber.runtime.java.JavaStepDefinition.execute(JavaStepDefinition.java:38)
	at cucumber.runtime.StepDefinitionMatch.runStep(StepDefinitionMatch.java:37)
	at cucumber.runtime.Runtime.runStep(Runtime.java:300)
	at cucumber.runtime.model.StepContainer.runStep(StepContainer.java:44)
	at cucumber.runtime.model.StepContainer.runSteps(StepContainer.java:39)
	at cucumber.runtime.model.CucumberScenario.run(CucumberScenario.java:44)
	at cucumber.runtime.junit.ExecutionUnitRunner.run(ExecutionUnitRunner.java:102)
	at org.junit.runners.Suite.runChild(Suite.java:128)
	at org.junit.runners.Suite.runChild(Suite.java:27)
	at org.junit.runners.ParentRunner$3.run(ParentRunner.java:290)
	at org.junit.runners.ParentRunner$1.schedule(ParentRunner.java:71)
	at org.junit.runners.ParentRunner.runChildren(ParentRunner.java:288)
	at org.junit.runners.ParentRunner.access$000(ParentRunner.java:58)
	at org.junit.runners.ParentRunner$2.evaluate(ParentRunner.java:268)
	at org.junit.runners.ParentRunner.run(ParentRunner.java:363)
	at cucumber.runtime.junit.ExamplesRunner.run(ExamplesRunner.java:59)
	at org.junit.runners.Suite.runChild(Suite.java:128)
	at org.junit.runners.Suite.runChild(Suite.java:27)
	at org.junit.runners.ParentRunner$3.run(ParentRunner.java:290)
	at org.junit.runners.ParentRunner$1.schedule(ParentRunner.java:71)
	at org.junit.runners.ParentRunner.runChildren(ParentRunner.java:288)
	at org.junit.runners.ParentRunner.access$000(ParentRunner.java:58)
	at org.junit.runners.ParentRunner$2.evaluate(ParentRunner.java:268)
	at org.junit.runners.ParentRunner.run(ParentRunner.java:363)
	at cucumber.runtime.junit.ScenarioOutlineRunner.run(ScenarioOutlineRunner.java:53)
	at cucumber.runtime.junit.FeatureRunner.runChild(FeatureRunner.java:63)
	at cucumber.runtime.junit.FeatureRunner.runChild(FeatureRunner.java:18)
	at org.junit.runners.ParentRunner$3.run(ParentRunner.java:290)
	at org.junit.runners.ParentRunner$1.schedule(ParentRunner.java:71)
	at org.junit.runners.ParentRunner.runChildren(ParentRunner.java:288)
	at org.junit.runners.ParentRunner.access$000(ParentRunner.java:58)
	at org.junit.runners.ParentRunner$2.evaluate(ParentRunner.java:268)
	at org.junit.runners.ParentRunner.run(ParentRunner.java:363)
	at cucumber.runtime.junit.FeatureRunner.run(FeatureRunner.java:70)
	at cucumber.api.junit.Cucumber.runChild(Cucumber.java:95)
	at cucumber.api.junit.Cucumber.runChild(Cucumber.java:38)
	at org.junit.runners.ParentRunner$3.run(ParentRunner.java:290)
	at org.junit.runners.ParentRunner$1.schedule(ParentRunner.java:71)
	at org.junit.runners.ParentRunner.runChildren(ParentRunner.java:288)
	at org.junit.runners.ParentRunner.access$000(ParentRunner.java:58)
	at org.junit.runners.ParentRunner$2.evaluate(ParentRunner.java:268)
	at org.junit.internal.runners.statements.RunAfters.evaluate(RunAfters.java:27)
	at org.junit.runners.ParentRunner.run(ParentRunner.java:363)
	at cucumber.api.junit.Cucumber.run(Cucumber.java:100)
	at org.junit.runner.JUnitCore.run(JUnitCore.java:137)
	at com.intellij.junit4.JUnit4IdeaTestRunner.startRunnerWithArgs(JUnit4IdeaTestRunner.java:68)
	at com.intellij.rt.junit.IdeaTestRunner$Repeater.startRunnerWithArgs(IdeaTestRunner.java:33)
	at com.intellij.rt.junit.JUnitStarter.prepareStreamsAndStart(JUnitStarter.java:230)
	at com.intellij.rt.junit.JUnitStarter.main(JUnitStarter.java:58)
</pre></pre></td>
                                                    </tr>
                                                    <tr>
                                                        <td>Apr 29, 2020 10:42:46 PM</td>
                                                        <td class='linked' test-id='63'>Login Feature.User should Login successfully with valid credentials.User should Login successfully with valid credentials.Then I should Login successfully</td>
                                                        <td><pre><pre>org.openqa.selenium.TimeoutException: Expected condition failed: waiting for element to be clickable: Proxy element for: DefaultElementLocator 'By.xpath: //a[@class='ico-account']' (tried for 20 second(s) with 500 milliseconds interval)
	at org.openqa.selenium.support.ui.WebDriverWait.timeoutException(WebDriverWait.java:95)
	at org.openqa.selenium.support.ui.FluentWait.until(FluentWait.java:272)
	at com.demo.nopcom.utility.UtilityRM.waitUntilElementToBeClickable(UtilityRM.java:365)
	at com.demo.nopcom.pages.AccountPage.verifyMyAccountText(AccountPage.java:22)
	at com.demo.nopcom.cucumber.stepdefs.MyStepdefs.iShouldLoginSuccessfully(MyStepdefs.java:52)
	at ✽.Then I should Login successfully(src/test/java/com/demo/nopcom/resources/featurefiles/login.feature:24)
Caused by: org.openqa.selenium.NoSuchElementException: no such element: Unable to locate element: {"method":"xpath","selector":"//a[@class='ico-account']"}
  (Session info: chrome=81.0.4044.122)
For documentation on this error, please visit: https://www.seleniumhq.org/exceptions/no_such_element.html
Build info: version: '3.141.59', revision: 'e82be7d358', time: '2018-11-14T08:17:03'
System info: host: 'DESKTOP-59P8T20', ip: '192.168.43.144', os.name: 'Windows 10', os.arch: 'amd64', os.version: '10.0', java.version: '1.8.0_121'
Driver info: org.openqa.selenium.chrome.ChromeDriver
Capabilities {acceptInsecureCerts: false, browserName: chrome, browserVersion: 81.0.4044.122, chrome: {chromedriverVersion: 80.0.3987.106 (f68069574609..., userDataDir: C:\Users\HP\AppData\Local\T...}, goog:chromeOptions: {debuggerAddress: localhost:54104}, javascriptEnabled: true, networkConnectionEnabled: false, pageLoadStrategy: normal, platform: WINDOWS, platformName: WINDOWS, proxy: Proxy(), setWindowRect: true, strictFileInteractability: false, timeouts: {implicit: 0, pageLoad: 300000, script: 30000}, unhandledPromptBehavior: dismiss and notify}
Session ID: 1b392ceb16ab26326afe630473b3d4d0
*** Element info: {Using=xpath, value=//a[@class='ico-account']}
	at sun.reflect.NativeConstructorAccessorImpl.newInstance0(Native Method)
	at sun.reflect.NativeConstructorAccessorImpl.newInstance(NativeConstructorAccessorImpl.java:62)
	at sun.reflect.DelegatingConstructorAccessorImpl.newInstance(DelegatingConstructorAccessorImpl.java:45)
	at java.lang.reflect.Constructor.newInstance(Constructor.java:423)
	at org.openqa.selenium.remote.http.W3CHttpResponseCodec.createException(W3CHttpResponseCodec.java:187)
	at org.openqa.selenium.remote.http.W3CHttpResponseCodec.decode(W3CHttpResponseCodec.java:122)
	at org.openqa.selenium.remote.http.W3CHttpResponseCodec.decode(W3CHttpResponseCodec.java:49)
	at org.openqa.selenium.remote.HttpCommandExecutor.execute(HttpCommandExecutor.java:158)
	at org.openqa.selenium.remote.service.DriverCommandExecutor.execute(DriverCommandExecutor.java:83)
	at org.openqa.selenium.remote.RemoteWebDriver.execute(RemoteWebDriver.java:552)
	at org.openqa.selenium.remote.RemoteWebDriver.findElement(RemoteWebDriver.java:323)
	at org.openqa.selenium.remote.RemoteWebDriver.findElementByXPath(RemoteWebDriver.java:428)
	at org.openqa.selenium.By$ByXPath.findElement(By.java:353)
	at org.openqa.selenium.remote.RemoteWebDriver.findElement(RemoteWebDriver.java:315)
	at org.openqa.selenium.support.pagefactory.DefaultElementLocator.findElement(DefaultElementLocator.java:69)
	at org.openqa.selenium.support.pagefactory.internal.LocatingElementHandler.invoke(LocatingElementHandler.java:38)
	at com.sun.proxy.$Proxy19.isDisplayed(Unknown Source)
	at org.openqa.selenium.support.ui.ExpectedConditions.elementIfVisible(ExpectedConditions.java:314)
	at org.openqa.selenium.support.ui.ExpectedConditions.access$000(ExpectedConditions.java:43)
	at org.openqa.selenium.support.ui.ExpectedConditions$10.apply(ExpectedConditions.java:300)
	at org.openqa.selenium.support.ui.ExpectedConditions$10.apply(ExpectedConditions.java:297)
	at org.openqa.selenium.support.ui.ExpectedConditions$23.apply(ExpectedConditions.java:670)
	at org.openqa.selenium.support.ui.ExpectedConditions$23.apply(ExpectedConditions.java:666)
	at org.openqa.selenium.support.ui.FluentWait.until(FluentWait.java:249)
	at com.demo.nopcom.utility.UtilityRM.waitUntilElementToBeClickable(UtilityRM.java:365)
	at com.demo.nopcom.pages.AccountPage.verifyMyAccountText(AccountPage.java:22)
	at com.demo.nopcom.cucumber.stepdefs.MyStepdefs.iShouldLoginSuccessfully(MyStepdefs.java:52)
	at sun.reflect.NativeMethodAccessorImpl.invoke0(Native Method)
	at sun.reflect.NativeMethodAccessorImpl.invoke(NativeMethodAccessorImpl.java:62)
	at sun.reflect.DelegatingMethodAccessorImpl.invoke(DelegatingMethodAccessorImpl.java:43)
	at java.lang.reflect.Method.invoke(Method.java:498)
	at cucumber.runtime.Utils$1.call(Utils.java:40)
	at cucumber.runtime.Timeout.timeout(Timeout.java:16)
	at cucumber.runtime.Utils.invoke(Utils.java:34)
	at cucumber.runtime.java.JavaStepDefinition.execute(JavaStepDefinition.java:38)
	at cucumber.runtime.StepDefinitionMatch.runStep(StepDefinitionMatch.java:37)
	at cucumber.runtime.Runtime.runStep(Runtime.java:300)
	at cucumber.runtime.model.StepContainer.runStep(StepContainer.java:44)
	at cucumber.runtime.model.StepContainer.runSteps(StepContainer.java:39)
	at cucumber.runtime.model.CucumberScenario.run(CucumberScenario.java:44)
	at cucumber.runtime.junit.ExecutionUnitRunner.run(ExecutionUnitRunner.java:102)
	at org.junit.runners.Suite.runChild(Suite.java:128)
	at org.junit.runners.Suite.runChild(Suite.java:27)
	at org.junit.runners.ParentRunner$3.run(ParentRunner.java:290)
	at org.junit.runners.ParentRunner$1.schedule(ParentRunner.java:71)
	at org.junit.runners.ParentRunner.runChildren(ParentRunner.java:288)
	at org.junit.runners.ParentRunner.access$000(ParentRunner.java:58)
	at org.junit.runners.ParentRunner$2.evaluate(ParentRunner.java:268)
	at org.junit.runners.ParentRunner.run(ParentRunner.java:363)
	at cucumber.runtime.junit.ExamplesRunner.run(ExamplesRunner.java:59)
	at org.junit.runners.Suite.runChild(Suite.java:128)
	at org.junit.runners.Suite.runChild(Suite.java:27)
	at org.junit.runners.ParentRunner$3.run(ParentRunner.java:290)
	at org.junit.runners.ParentRunner$1.schedule(ParentRunner.java:71)
	at org.junit.runners.ParentRunner.runChildren(ParentRunner.java:288)
	at org.junit.runners.ParentRunner.access$000(ParentRunner.java:58)
	at org.junit.runners.ParentRunner$2.evaluate(ParentRunner.java:268)
	at org.junit.runners.ParentRunner.run(ParentRunner.java:363)
	at cucumber.runtime.junit.ScenarioOutlineRunner.run(ScenarioOutlineRunner.java:53)
	at cucumber.runtime.junit.FeatureRunner.runChild(FeatureRunner.java:63)
	at cucumber.runtime.junit.FeatureRunner.runChild(FeatureRunner.java:18)
	at org.junit.runners.ParentRunner$3.run(ParentRunner.java:290)
	at org.junit.runners.ParentRunner$1.schedule(ParentRunner.java:71)
	at org.junit.runners.ParentRunner.runChildren(ParentRunner.java:288)
	at org.junit.runners.ParentRunner.access$000(ParentRunner.java:58)
	at org.junit.runners.ParentRunner$2.evaluate(ParentRunner.java:268)
	at org.junit.runners.ParentRunner.run(ParentRunner.java:363)
	at cucumber.runtime.junit.FeatureRunner.run(FeatureRunner.java:70)
	at cucumber.api.junit.Cucumber.runChild(Cucumber.java:95)
	at cucumber.api.junit.Cucumber.runChild(Cucumber.java:38)
	at org.junit.runners.ParentRunner$3.run(ParentRunner.java:290)
	at org.junit.runners.ParentRunner$1.schedule(ParentRunner.java:71)
	at org.junit.runners.ParentRunner.runChildren(ParentRunner.java:288)
	at org.junit.runners.ParentRunner.access$000(ParentRunner.java:58)
	at org.junit.runners.ParentRunner$2.evaluate(ParentRunner.java:268)
	at org.junit.internal.runners.statements.RunAfters.evaluate(RunAfters.java:27)
	at org.junit.runners.ParentRunner.run(ParentRunner.java:363)
	at cucumber.api.junit.Cucumber.run(Cucumber.java:100)
	at org.junit.runner.JUnitCore.run(JUnitCore.java:137)
	at com.intellij.junit4.JUnit4IdeaTestRunner.startRunnerWithArgs(JUnit4IdeaTestRunner.java:68)
	at com.intellij.rt.junit.IdeaTestRunner$Repeater.startRunnerWithArgs(IdeaTestRunner.java:33)
	at com.intellij.rt.junit.JUnitStarter.prepareStreamsAndStart(JUnitStarter.java:230)
	at com.intellij.rt.junit.JUnitStarter.main(JUnitStarter.java:58)
</pre></pre></td>
                                                    </tr>
                                                    <tr>
                                                        <td>Apr 29, 2020 10:43:35 PM</td>
                                                        <td class='linked' test-id='70'>Login Feature.User should Login successfully with valid credentials.User should Login successfully with valid credentials.Then I should Login successfully</td>
                                                        <td><pre><pre>org.openqa.selenium.TimeoutException: Expected condition failed: waiting for element to be clickable: Proxy element for: DefaultElementLocator 'By.xpath: //a[@class='ico-account']' (tried for 20 second(s) with 500 milliseconds interval)
	at org.openqa.selenium.support.ui.WebDriverWait.timeoutException(WebDriverWait.java:95)
	at org.openqa.selenium.support.ui.FluentWait.until(FluentWait.java:272)
	at com.demo.nopcom.utility.UtilityRM.waitUntilElementToBeClickable(UtilityRM.java:365)
	at com.demo.nopcom.pages.AccountPage.verifyMyAccountText(AccountPage.java:22)
	at com.demo.nopcom.cucumber.stepdefs.MyStepdefs.iShouldLoginSuccessfully(MyStepdefs.java:52)
	at ✽.Then I should Login successfully(src/test/java/com/demo/nopcom/resources/featurefiles/login.feature:24)
Caused by: org.openqa.selenium.NoSuchElementException: no such element: Unable to locate element: {"method":"xpath","selector":"//a[@class='ico-account']"}
  (Session info: chrome=81.0.4044.122)
For documentation on this error, please visit: https://www.seleniumhq.org/exceptions/no_such_element.html
Build info: version: '3.141.59', revision: 'e82be7d358', time: '2018-11-14T08:17:03'
System info: host: 'DESKTOP-59P8T20', ip: '192.168.43.144', os.name: 'Windows 10', os.arch: 'amd64', os.version: '10.0', java.version: '1.8.0_121'
Driver info: org.openqa.selenium.chrome.ChromeDriver
Capabilities {acceptInsecureCerts: false, browserName: chrome, browserVersion: 81.0.4044.122, chrome: {chromedriverVersion: 80.0.3987.106 (f68069574609..., userDataDir: C:\Users\HP\AppData\Local\T...}, goog:chromeOptions: {debuggerAddress: localhost:54132}, javascriptEnabled: true, networkConnectionEnabled: false, pageLoadStrategy: normal, platform: WINDOWS, platformName: WINDOWS, proxy: Proxy(), setWindowRect: true, strictFileInteractability: false, timeouts: {implicit: 0, pageLoad: 300000, script: 30000}, unhandledPromptBehavior: dismiss and notify}
Session ID: 81291cb36f91e0629d9195e9a8a88e9c
*** Element info: {Using=xpath, value=//a[@class='ico-account']}
	at sun.reflect.NativeConstructorAccessorImpl.newInstance0(Native Method)
	at sun.reflect.NativeConstructorAccessorImpl.newInstance(NativeConstructorAccessorImpl.java:62)
	at sun.reflect.DelegatingConstructorAccessorImpl.newInstance(DelegatingConstructorAccessorImpl.java:45)
	at java.lang.reflect.Constructor.newInstance(Constructor.java:423)
	at org.openqa.selenium.remote.http.W3CHttpResponseCodec.createException(W3CHttpResponseCodec.java:187)
	at org.openqa.selenium.remote.http.W3CHttpResponseCodec.decode(W3CHttpResponseCodec.java:122)
	at org.openqa.selenium.remote.http.W3CHttpResponseCodec.decode(W3CHttpResponseCodec.java:49)
	at org.openqa.selenium.remote.HttpCommandExecutor.execute(HttpCommandExecutor.java:158)
	at org.openqa.selenium.remote.service.DriverCommandExecutor.execute(DriverCommandExecutor.java:83)
	at org.openqa.selenium.remote.RemoteWebDriver.execute(RemoteWebDriver.java:552)
	at org.openqa.selenium.remote.RemoteWebDriver.findElement(RemoteWebDriver.java:323)
	at org.openqa.selenium.remote.RemoteWebDriver.findElementByXPath(RemoteWebDriver.java:428)
	at org.openqa.selenium.By$ByXPath.findElement(By.java:353)
	at org.openqa.selenium.remote.RemoteWebDriver.findElement(RemoteWebDriver.java:315)
	at org.openqa.selenium.support.pagefactory.DefaultElementLocator.findElement(DefaultElementLocator.java:69)
	at org.openqa.selenium.support.pagefactory.internal.LocatingElementHandler.invoke(LocatingElementHandler.java:38)
	at com.sun.proxy.$Proxy19.isDisplayed(Unknown Source)
	at org.openqa.selenium.support.ui.ExpectedConditions.elementIfVisible(ExpectedConditions.java:314)
	at org.openqa.selenium.support.ui.ExpectedConditions.access$000(ExpectedConditions.java:43)
	at org.openqa.selenium.support.ui.ExpectedConditions$10.apply(ExpectedConditions.java:300)
	at org.openqa.selenium.support.ui.ExpectedConditions$10.apply(ExpectedConditions.java:297)
	at org.openqa.selenium.support.ui.ExpectedConditions$23.apply(ExpectedConditions.java:670)
	at org.openqa.selenium.support.ui.ExpectedConditions$23.apply(ExpectedConditions.java:666)
	at org.openqa.selenium.support.ui.FluentWait.until(FluentWait.java:249)
	at com.demo.nopcom.utility.UtilityRM.waitUntilElementToBeClickable(UtilityRM.java:365)
	at com.demo.nopcom.pages.AccountPage.verifyMyAccountText(AccountPage.java:22)
	at com.demo.nopcom.cucumber.stepdefs.MyStepdefs.iShouldLoginSuccessfully(MyStepdefs.java:52)
	at sun.reflect.NativeMethodAccessorImpl.invoke0(Native Method)
	at sun.reflect.NativeMethodAccessorImpl.invoke(NativeMethodAccessorImpl.java:62)
	at sun.reflect.DelegatingMethodAccessorImpl.invoke(DelegatingMethodAccessorImpl.java:43)
	at java.lang.reflect.Method.invoke(Method.java:498)
	at cucumber.runtime.Utils$1.call(Utils.java:40)
	at cucumber.runtime.Timeout.timeout(Timeout.java:16)
	at cucumber.runtime.Utils.invoke(Utils.java:34)
	at cucumber.runtime.java.JavaStepDefinition.execute(JavaStepDefinition.java:38)
	at cucumber.runtime.StepDefinitionMatch.runStep(StepDefinitionMatch.java:37)
	at cucumber.runtime.Runtime.runStep(Runtime.java:300)
	at cucumber.runtime.model.StepContainer.runStep(StepContainer.java:44)
	at cucumber.runtime.model.StepContainer.runSteps(StepContainer.java:39)
	at cucumber.runtime.model.CucumberScenario.run(CucumberScenario.java:44)
	at cucumber.runtime.junit.ExecutionUnitRunner.run(ExecutionUnitRunner.java:102)
	at org.junit.runners.Suite.runChild(Suite.java:128)
	at org.junit.runners.Suite.runChild(Suite.java:27)
	at org.junit.runners.ParentRunner$3.run(ParentRunner.java:290)
	at org.junit.runners.ParentRunner$1.schedule(ParentRunner.java:71)
	at org.junit.runners.ParentRunner.runChildren(ParentRunner.java:288)
	at org.junit.runners.ParentRunner.access$000(ParentRunner.java:58)
	at org.junit.runners.ParentRunner$2.evaluate(ParentRunner.java:268)
	at org.junit.runners.ParentRunner.run(ParentRunner.java:363)
	at cucumber.runtime.junit.ExamplesRunner.run(ExamplesRunner.java:59)
	at org.junit.runners.Suite.runChild(Suite.java:128)
	at org.junit.runners.Suite.runChild(Suite.java:27)
	at org.junit.runners.ParentRunner$3.run(ParentRunner.java:290)
	at org.junit.runners.ParentRunner$1.schedule(ParentRunner.java:71)
	at org.junit.runners.ParentRunner.runChildren(ParentRunner.java:288)
	at org.junit.runners.ParentRunner.access$000(ParentRunner.java:58)
	at org.junit.runners.ParentRunner$2.evaluate(ParentRunner.java:268)
	at org.junit.runners.ParentRunner.run(ParentRunner.java:363)
	at cucumber.runtime.junit.ScenarioOutlineRunner.run(ScenarioOutlineRunner.java:53)
	at cucumber.runtime.junit.FeatureRunner.runChild(FeatureRunner.java:63)
	at cucumber.runtime.junit.FeatureRunner.runChild(FeatureRunner.java:18)
	at org.junit.runners.ParentRunner$3.run(ParentRunner.java:290)
	at org.junit.runners.ParentRunner$1.schedule(ParentRunner.java:71)
	at org.junit.runners.ParentRunner.runChildren(ParentRunner.java:288)
	at org.junit.runners.ParentRunner.access$000(ParentRunner.java:58)
	at org.junit.runners.ParentRunner$2.evaluate(ParentRunner.java:268)
	at org.junit.runners.ParentRunner.run(ParentRunner.java:363)
	at cucumber.runtime.junit.FeatureRunner.run(FeatureRunner.java:70)
	at cucumber.api.junit.Cucumber.runChild(Cucumber.java:95)
	at cucumber.api.junit.Cucumber.runChild(Cucumber.java:38)
	at org.junit.runners.ParentRunner$3.run(ParentRunner.java:290)
	at org.junit.runners.ParentRunner$1.schedule(ParentRunner.java:71)
	at org.junit.runners.ParentRunner.runChildren(ParentRunner.java:288)
	at org.junit.runners.ParentRunner.access$000(ParentRunner.java:58)
	at org.junit.runners.ParentRunner$2.evaluate(ParentRunner.java:268)
	at org.junit.internal.runners.statements.RunAfters.evaluate(RunAfters.java:27)
	at org.junit.runners.ParentRunner.run(ParentRunner.java:363)
	at cucumber.api.junit.Cucumber.run(Cucumber.java:100)
	at org.junit.runner.JUnitCore.run(JUnitCore.java:137)
	at com.intellij.junit4.JUnit4IdeaTestRunner.startRunnerWithArgs(JUnit4IdeaTestRunner.java:68)
	at com.intellij.rt.junit.IdeaTestRunner$Repeater.startRunnerWithArgs(IdeaTestRunner.java:33)
	at com.intellij.rt.junit.JUnitStarter.prepareStreamsAndStart(JUnitStarter.java:230)
	at com.intellij.rt.junit.JUnitStarter.main(JUnitStarter.java:58)
</pre></pre></td>
                                                    </tr>
                                        </tbody>
                                    </table>
                                </div>
                            </div>
                        </li>
                </ul>
        </div>
    </div>

    <div class='subview-right left'>
        <div class='view-summary'>
            <h5 class='exception-name'></h5>
        </div>
    </div>
</div>
<!-- exception view -->
<div id='dashboard-view' class='view hide'>
	<div class='card-panel transparent np-v'>
		<h5>Dashboard</h5>

		<div class='row'>
			<div class='col s2'>
				<div class='card-panel r'>
					Features
					<div class='panel-lead'>4</div>
				</div>
			</div>
			<div class='col s2'>
				<div class='card-panel r'>
					Scenarios
					<div class='panel-lead'>16</div>
				</div>
			</div>
			<div class='col s2'>
				<div class='card-panel r'>
					Steps
					<div class='panel-lead'>115</div>
				</div>
			</div>
			<div class='col s2'>
				<div class='card-panel r'>
					Start
					<div class='panel-lead'>Apr 29, 2020 10:36:11 PM</div>
				</div>
			</div>
			<div class='col s2'>
				<div class='card-panel r'>
			 		End
			 		<div class='panel-lead'>Apr 29, 2020 10:45:40 PM</div>
				</div>
			</div>
			<div class='col s2'>
				<div class='card-panel r'>
					Time Taken
					<div class='panel-lead'>568,135ms</div>
				</div>
			</div>
			<div class='col s4'>
				<div class='card-panel dashboard-environment'>
					<span class='right label cyan white-text'>Environment</span><p>&nbsp;</p>
					
					<table>
						<tr>
							<th>Name</th>
							<th>Value</th>
						</tr>
							<tr>
								<td>User Name</td>
								<td>HP</td>
							</tr>
							<tr>
								<td>Time Zone</td>
								<td>Europe/London</td>
							</tr>
							<tr>
								<td>Machine</td>
								<td>Windows 1064 Bit</td>
							</tr>
							<tr>
								<td>Selenium</td>
								<td>3.141.59</td>
							</tr>
							<tr>
								<td>Maven</td>
								<td>3.5.2</td>
							</tr>
							<tr>
								<td>Java Version</td>
								<td>1.8.0_151</td>
							</tr>
					</table>
				</div>
			</div>
		</div>
	</div>
</div>
<!-- dashboard view -->
<!-- testrunner-logs view -->
		</div>
		<!-- container -->

		<script>
			var statusGroup = {
				passParent: 2,
				failParent: 2,
				fatalParent: 0,
				errorParent: 0,
				warningParent: 0,
				skipParent: 0,
				exceptionsParent: 2,
				
				passChild: 12,
				failChild: 4,
				fatalChild: 0,
				errorChild: 0,
				warningChild: 0,
				skipChild: 0,
				infoChild: 0,
				exceptionsChild: 4,
				
				passGrandChild: 108,
				failGrandChild: 4,
				fatalGrandChild: 0,
				errorGrandChild: 0,
				warningGrandChild: 0,
				skipGrandChild: 3,
				infoGrandChild: 0,
				exceptionsGrandChild: 7,
			};
		</script>
		
			<script src='https://cdn.rawgit.com/anshooarora/extentreports-java/fca20fb7653aade98810546ab96a2a4360e3e712/dist/js/extent.js' type='text/javascript'></script>
		
		
 		<script type='text/javascript'>
 			
            
        $(document).ready(function() {

        });
      
        
 		</script>
	</body>
	
</html>
